{"/Users/dcc/Desktop/ecommerce-react-native/src/__tests__/utils/testUtils.tsx": {"path":"/Users/dcc/Desktop/ecommerce-react-native/src/__tests__/utils/testUtils.tsx","statementMap":{"0":{"start":{"line":26,"column":20},"end":{"line":30,"column":2}},"1":{"start":{"line":41,"column":2},"end":{"line":44,"column":5}},"2":{"start":{"line":85,"column":4},"end":{"line":85,"column":57}},"3":{"start":{"line":89,"column":2},"end":{"line":92,"column":4}},"4":{"start":{"line":115,"column":33},"end":{"line":122,"column":2}},"5":{"start":{"line":115,"column":81},"end":{"line":122,"column":1}},"6":{"start":{"line":127,"column":34},"end":{"line":133,"column":2}},"7":{"start":{"line":129,"column":16},"end":{"line":133,"column":1}},"8":{"start":{"line":138,"column":34},"end":{"line":145,"column":3}},"9":{"start":{"line":139,"column":2},"end":{"line":145,"column":3}},"10":{"start":{"line":140,"column":4},"end":{"line":144,"column":6}},"11":{"start":{"line":155,"column":46},"end":{"line":159,"column":1}},"12":{"start":{"line":161,"column":47},"end":{"line":169,"column":1}},"13":{"start":{"line":171,"column":54},"end":{"line":185,"column":1}}},"fnMap":{"0":{"name":"setupStore","decl":{"start":{"line":40,"column":16},"end":{"line":40,"column":26}},"loc":{"start":{"line":40,"column":64},"end":{"line":45,"column":1}},"line":40},"1":{"name":"renderWithProviders","decl":{"start":{"line":75,"column":16},"end":{"line":75,"column":35}},"loc":{"start":{"line":82,"column":2},"end":{"line":93,"column":1}},"line":82},"2":{"name":"Wrapper","decl":{"start":{"line":84,"column":11},"end":{"line":84,"column":18}},"loc":{"start":{"line":84,"column":79},"end":{"line":86,"column":3}},"line":84},"3":{"name":"(anonymous_3)","decl":{"start":{"line":115,"column":33},"end":{"line":115,"column":34}},"loc":{"start":{"line":115,"column":81},"end":{"line":122,"column":1}},"line":115},"4":{"name":"(anonymous_4)","decl":{"start":{"line":127,"column":34},"end":{"line":127,"column":35}},"loc":{"start":{"line":129,"column":16},"end":{"line":133,"column":1}},"line":129},"5":{"name":"(anonymous_5)","decl":{"start":{"line":138,"column":34},"end":{"line":138,"column":35}},"loc":{"start":{"line":139,"column":2},"end":{"line":145,"column":3}},"line":139},"6":{"name":"(anonymous_6)","decl":{"start":{"line":139,"column":32},"end":{"line":139,"column":33}},"loc":{"start":{"line":140,"column":4},"end":{"line":144,"column":6}},"line":140}},"branchMap":{"0":{"loc":{"start":{"line":77,"column":2},"end":{"line":81,"column":31}},"type":"default-arg","locations":[{"start":{"line":81,"column":29},"end":{"line":81,"column":31}}],"line":77},"1":{"loc":{"start":{"line":79,"column":4},"end":{"line":79,"column":38}},"type":"default-arg","locations":[{"start":{"line":79,"column":12},"end":{"line":79,"column":38}}],"line":79},"2":{"loc":{"start":{"line":115,"column":34},"end":{"line":115,"column":66}},"type":"default-arg","locations":[{"start":{"line":115,"column":64},"end":{"line":115,"column":66}}],"line":115},"3":{"loc":{"start":{"line":128,"column":2},"end":{"line":128,"column":35}},"type":"default-arg","locations":[{"start":{"line":128,"column":33},"end":{"line":128,"column":35}}],"line":128}},"s":{"0":0,"1":0,"2":0,"3":0,"4":0,"5":0,"6":0,"7":0,"8":0,"9":0,"10":0,"11":0,"12":0,"13":0},"f":{"0":0,"1":0,"2":0,"3":0,"4":0,"5":0,"6":0},"b":{"0":[0],"1":[0],"2":[0],"3":[0]}}
,"/Users/dcc/Desktop/ecommerce-react-native/src/components/AddToCartButton.tsx": {"path":"/Users/dcc/Desktop/ecommerce-react-native/src/components/AddToCartButton.tsx","statementMap":{"0":{"start":{"line":15,"column":63},"end":{"line":66,"column":1}},"1":{"start":{"line":23,"column":2},"end":{"line":49,"column":3}},"2":{"start":{"line":24,"column":4},"end":{"line":48,"column":6}},"3":{"start":{"line":27,"column":34},"end":{"line":27,"column":84}},"4":{"start":{"line":40,"column":34},"end":{"line":40,"column":84}},"5":{"start":{"line":51,"column":2},"end":{"line":65,"column":4}},"6":{"start":{"line":53,"column":30},"end":{"line":57,"column":7}},"7":{"start":{"line":68,"column":15},"end":{"line":118,"column":2}}},"fnMap":{"0":{"name":"(anonymous_0)","decl":{"start":{"line":15,"column":63},"end":{"line":15,"column":64}},"loc":{"start":{"line":22,"column":6},"end":{"line":66,"column":1}},"line":22},"1":{"name":"(anonymous_1)","decl":{"start":{"line":27,"column":17},"end":{"line":27,"column":18}},"loc":{"start":{"line":27,"column":34},"end":{"line":27,"column":84}},"line":27},"2":{"name":"(anonymous_2)","decl":{"start":{"line":40,"column":17},"end":{"line":40,"column":18}},"loc":{"start":{"line":40,"column":34},"end":{"line":40,"column":84}},"line":40},"3":{"name":"(anonymous_3)","decl":{"start":{"line":53,"column":13},"end":{"line":53,"column":14}},"loc":{"start":{"line":53,"column":30},"end":{"line":57,"column":7}},"line":53}},"branchMap":{"0":{"loc":{"start":{"line":17,"column":2},"end":{"line":17,"column":14}},"type":"default-arg","locations":[{"start":{"line":17,"column":13},"end":{"line":17,"column":14}}],"line":17},"1":{"loc":{"start":{"line":21,"column":2},"end":{"line":21,"column":17}},"type":"default-arg","locations":[{"start":{"line":21,"column":12},"end":{"line":21,"column":17}}],"line":21},"2":{"loc":{"start":{"line":23,"column":2},"end":{"line":49,"column":3}},"type":"if","locations":[{"start":{"line":23,"column":2},"end":{"line":49,"column":3}},{"start":{},"end":{}}],"line":23},"3":{"loc":{"start":{"line":23,"column":6},"end":{"line":23,"column":44}},"type":"binary-expr","locations":[{"start":{"line":23,"column":6},"end":{"line":23,"column":14}},{"start":{"line":23,"column":18},"end":{"line":23,"column":29}},{"start":{"line":23,"column":33},"end":{"line":23,"column":44}}],"line":23},"4":{"loc":{"start":{"line":25,"column":46},"end":{"line":25,"column":88}},"type":"binary-expr","locations":[{"start":{"line":25,"column":46},"end":{"line":25,"column":53}},{"start":{"line":25,"column":57},"end":{"line":25,"column":88}}],"line":25},"5":{"loc":{"start":{"line":27,"column":58},"end":{"line":27,"column":83}},"type":"binary-expr","locations":[{"start":{"line":27,"column":58},"end":{"line":27,"column":65}},{"start":{"line":27,"column":69},"end":{"line":27,"column":83}}],"line":27},"6":{"loc":{"start":{"line":32,"column":40},"end":{"line":32,"column":57}},"type":"cond-expr","locations":[{"start":{"line":32,"column":50},"end":{"line":32,"column":52}},{"start":{"line":32,"column":55},"end":{"line":32,"column":57}}],"line":32},"7":{"loc":{"start":{"line":35,"column":43},"end":{"line":35,"column":80}},"type":"binary-expr","locations":[{"start":{"line":35,"column":43},"end":{"line":35,"column":50}},{"start":{"line":35,"column":54},"end":{"line":35,"column":80}}],"line":35},"8":{"loc":{"start":{"line":40,"column":58},"end":{"line":40,"column":83}},"type":"binary-expr","locations":[{"start":{"line":40,"column":58},"end":{"line":40,"column":65}},{"start":{"line":40,"column":69},"end":{"line":40,"column":83}}],"line":40},"9":{"loc":{"start":{"line":45,"column":37},"end":{"line":45,"column":54}},"type":"cond-expr","locations":[{"start":{"line":45,"column":47},"end":{"line":45,"column":49}},{"start":{"line":45,"column":52},"end":{"line":45,"column":54}}],"line":45},"10":{"loc":{"start":{"line":55,"column":8},"end":{"line":55,"column":42}},"type":"binary-expr","locations":[{"start":{"line":55,"column":8},"end":{"line":55,"column":15}},{"start":{"line":55,"column":19},"end":{"line":55,"column":42}}],"line":55},"11":{"loc":{"start":{"line":56,"column":8},"end":{"line":56,"column":33}},"type":"binary-expr","locations":[{"start":{"line":56,"column":8},"end":{"line":56,"column":15}},{"start":{"line":56,"column":19},"end":{"line":56,"column":33}}],"line":56},"12":{"loc":{"start":{"line":62,"column":42},"end":{"line":62,"column":59}},"type":"cond-expr","locations":[{"start":{"line":62,"column":52},"end":{"line":62,"column":54}},{"start":{"line":62,"column":57},"end":{"line":62,"column":59}}],"line":62},"13":{"loc":{"start":{"line":63,"column":7},"end":{"line":63,"column":72}},"type":"binary-expr","locations":[{"start":{"line":63,"column":7},"end":{"line":63,"column":15}},{"start":{"line":63,"column":19},"end":{"line":63,"column":72}}],"line":63}},"s":{"0":2,"1":17,"2":9,"3":9,"4":9,"5":8,"6":8,"7":2},"f":{"0":17,"1":9,"2":9,"3":8},"b":{"0":[6],"1":[10],"2":[9,8],"3":[17,10,9],"4":[9,3],"5":[9,0],"6":[3,6],"7":[9,3],"8":[9,0],"9":[3,6],"10":[8,3],"11":[8,0],"12":[3,5],"13":[8,5]},"_coverageSchema":"1a1c01bbd47fc00a2c39e90264f33305004495a9","hash":"ad216a1faa683a1bb01013c86d349a2a140e134f"}
,"/Users/dcc/Desktop/ecommerce-react-native/src/components/CartItemCard.tsx": {"path":"/Users/dcc/Desktop/ecommerce-react-native/src/components/CartItemCard.tsx","statementMap":{"0":{"start":{"line":23,"column":57},"end":{"line":86,"column":1}},"1":{"start":{"line":31,"column":20},"end":{"line":31,"column":44}},"2":{"start":{"line":33,"column":2},"end":{"line":85,"column":4}},"3":{"start":{"line":35,"column":30},"end":{"line":35,"column":75}},"4":{"start":{"line":53,"column":38},"end":{"line":53,"column":94}},"5":{"start":{"line":63,"column":38},"end":{"line":63,"column":94}},"6":{"start":{"line":76,"column":32},"end":{"line":76,"column":86}},"7":{"start":{"line":88,"column":15},"end":{"line":145,"column":2}}},"fnMap":{"0":{"name":"(anonymous_0)","decl":{"start":{"line":23,"column":57},"end":{"line":23,"column":58}},"loc":{"start":{"line":30,"column":6},"end":{"line":86,"column":1}},"line":30},"1":{"name":"(anonymous_1)","decl":{"start":{"line":35,"column":13},"end":{"line":35,"column":14}},"loc":{"start":{"line":35,"column":30},"end":{"line":35,"column":75}},"line":35},"2":{"name":"(anonymous_2)","decl":{"start":{"line":53,"column":21},"end":{"line":53,"column":22}},"loc":{"start":{"line":53,"column":38},"end":{"line":53,"column":94}},"line":53},"3":{"name":"(anonymous_3)","decl":{"start":{"line":63,"column":21},"end":{"line":63,"column":22}},"loc":{"start":{"line":63,"column":38},"end":{"line":63,"column":94}},"line":63},"4":{"name":"(anonymous_4)","decl":{"start":{"line":76,"column":15},"end":{"line":76,"column":16}},"loc":{"start":{"line":76,"column":32},"end":{"line":76,"column":86}},"line":76}},"branchMap":{"0":{"loc":{"start":{"line":35,"column":49},"end":{"line":35,"column":74}},"type":"binary-expr","locations":[{"start":{"line":35,"column":49},"end":{"line":35,"column":56}},{"start":{"line":35,"column":60},"end":{"line":35,"column":74}}],"line":35},"1":{"loc":{"start":{"line":53,"column":62},"end":{"line":53,"column":93}},"type":"binary-expr","locations":[{"start":{"line":53,"column":62},"end":{"line":53,"column":69}},{"start":{"line":53,"column":73},"end":{"line":53,"column":93}}],"line":53},"2":{"loc":{"start":{"line":63,"column":62},"end":{"line":63,"column":93}},"type":"binary-expr","locations":[{"start":{"line":63,"column":62},"end":{"line":63,"column":69}},{"start":{"line":63,"column":73},"end":{"line":63,"column":93}}],"line":63},"3":{"loc":{"start":{"line":76,"column":54},"end":{"line":76,"column":85}},"type":"binary-expr","locations":[{"start":{"line":76,"column":54},"end":{"line":76,"column":61}},{"start":{"line":76,"column":65},"end":{"line":76,"column":85}}],"line":76}},"s":{"0":0,"1":0,"2":0,"3":0,"4":0,"5":0,"6":0,"7":0},"f":{"0":0,"1":0,"2":0,"3":0,"4":0},"b":{"0":[0,0],"1":[0,0],"2":[0,0],"3":[0,0]}}
,"/Users/dcc/Desktop/ecommerce-react-native/src/components/DirhamIcon.tsx": {"path":"/Users/dcc/Desktop/ecommerce-react-native/src/components/DirhamIcon.tsx","statementMap":{"0":{"start":{"line":9,"column":53},"end":{"line":22,"column":1}},"1":{"start":{"line":13,"column":2},"end":{"line":21,"column":4}}},"fnMap":{"0":{"name":"(anonymous_0)","decl":{"start":{"line":9,"column":53},"end":{"line":9,"column":54}},"loc":{"start":{"line":12,"column":6},"end":{"line":22,"column":1}},"line":12}},"branchMap":{"0":{"loc":{"start":{"line":10,"column":2},"end":{"line":10,"column":11}},"type":"default-arg","locations":[{"start":{"line":10,"column":9},"end":{"line":10,"column":11}}],"line":10},"1":{"loc":{"start":{"line":11,"column":2},"end":{"line":11,"column":28}},"type":"default-arg","locations":[{"start":{"line":11,"column":10},"end":{"line":11,"column":28}}],"line":11}},"s":{"0":2,"1":27},"f":{"0":27},"b":{"0":[0],"1":[0]},"_coverageSchema":"1a1c01bbd47fc00a2c39e90264f33305004495a9","hash":"96849d7707b0f2b7de6a5fd00c059c0492c9d705"}
,"/Users/dcc/Desktop/ecommerce-react-native/src/components/EmptyState.tsx": {"path":"/Users/dcc/Desktop/ecommerce-react-native/src/components/EmptyState.tsx","statementMap":{"0":{"start":{"line":11,"column":53},"end":{"line":21,"column":1}},"1":{"start":{"line":15,"column":2},"end":{"line":20,"column":4}},"2":{"start":{"line":23,"column":15},"end":{"line":37,"column":2}}},"fnMap":{"0":{"name":"(anonymous_0)","decl":{"start":{"line":11,"column":53},"end":{"line":11,"column":54}},"loc":{"start":{"line":14,"column":6},"end":{"line":21,"column":1}},"line":14}},"branchMap":{"0":{"loc":{"start":{"line":12,"column":2},"end":{"line":12,"column":28}},"type":"default-arg","locations":[{"start":{"line":12,"column":12},"end":{"line":12,"column":28}}],"line":12},"1":{"loc":{"start":{"line":13,"column":2},"end":{"line":13,"column":23}},"type":"default-arg","locations":[{"start":{"line":13,"column":9},"end":{"line":13,"column":23}}],"line":13}},"s":{"0":0,"1":0,"2":0},"f":{"0":0},"b":{"0":[0],"1":[0]}}
,"/Users/dcc/Desktop/ecommerce-react-native/src/components/ErrorState.tsx": {"path":"/Users/dcc/Desktop/ecommerce-react-native/src/components/ErrorState.tsx","statementMap":{"0":{"start":{"line":11,"column":53},"end":{"line":33,"column":1}},"1":{"start":{"line":15,"column":2},"end":{"line":32,"column":4}},"2":{"start":{"line":22,"column":34},"end":{"line":22,"column":81}},"3":{"start":{"line":35,"column":15},"end":{"line":67,"column":2}}},"fnMap":{"0":{"name":"(anonymous_0)","decl":{"start":{"line":11,"column":53},"end":{"line":11,"column":54}},"loc":{"start":{"line":14,"column":6},"end":{"line":33,"column":1}},"line":14},"1":{"name":"(anonymous_1)","decl":{"start":{"line":22,"column":17},"end":{"line":22,"column":18}},"loc":{"start":{"line":22,"column":34},"end":{"line":22,"column":81}},"line":22}},"branchMap":{"0":{"loc":{"start":{"line":12,"column":2},"end":{"line":12,"column":34}},"type":"default-arg","locations":[{"start":{"line":12,"column":12},"end":{"line":12,"column":34}}],"line":12},"1":{"loc":{"start":{"line":20,"column":7},"end":{"line":30,"column":7}},"type":"binary-expr","locations":[{"start":{"line":20,"column":7},"end":{"line":20,"column":14}},{"start":{"line":21,"column":8},"end":{"line":29,"column":20}}],"line":20},"2":{"loc":{"start":{"line":22,"column":55},"end":{"line":22,"column":80}},"type":"binary-expr","locations":[{"start":{"line":22,"column":55},"end":{"line":22,"column":62}},{"start":{"line":22,"column":66},"end":{"line":22,"column":80}}],"line":22}},"s":{"0":0,"1":0,"2":0,"3":0},"f":{"0":0,"1":0},"b":{"0":[0],"1":[0,0],"2":[0,0]}}
,"/Users/dcc/Desktop/ecommerce-react-native/src/components/FavoriteButton.tsx": {"path":"/Users/dcc/Desktop/ecommerce-react-native/src/components/FavoriteButton.tsx","statementMap":{"0":{"start":{"line":13,"column":61},"end":{"line":38,"column":1}},"1":{"start":{"line":19,"column":2},"end":{"line":37,"column":4}},"2":{"start":{"line":21,"column":30},"end":{"line":24,"column":7}},"3":{"start":{"line":40,"column":15},"end":{"line":55,"column":2}}},"fnMap":{"0":{"name":"(anonymous_0)","decl":{"start":{"line":13,"column":61},"end":{"line":13,"column":62}},"loc":{"start":{"line":18,"column":6},"end":{"line":38,"column":1}},"line":18},"1":{"name":"(anonymous_1)","decl":{"start":{"line":21,"column":13},"end":{"line":21,"column":14}},"loc":{"start":{"line":21,"column":30},"end":{"line":24,"column":7}},"line":21}},"branchMap":{"0":{"loc":{"start":{"line":16,"column":2},"end":{"line":16,"column":25}},"type":"default-arg","locations":[{"start":{"line":16,"column":16},"end":{"line":16,"column":25}}],"line":16},"1":{"loc":{"start":{"line":17,"column":2},"end":{"line":17,"column":11}},"type":"default-arg","locations":[{"start":{"line":17,"column":9},"end":{"line":17,"column":11}}],"line":17},"2":{"loc":{"start":{"line":23,"column":8},"end":{"line":23,"column":33}},"type":"binary-expr","locations":[{"start":{"line":23,"column":8},"end":{"line":23,"column":15}},{"start":{"line":23,"column":19},"end":{"line":23,"column":33}}],"line":23},"3":{"loc":{"start":{"line":27,"column":26},"end":{"line":27,"column":113}},"type":"cond-expr","locations":[{"start":{"line":27,"column":39},"end":{"line":27,"column":77}},{"start":{"line":27,"column":80},"end":{"line":27,"column":113}}],"line":27},"4":{"loc":{"start":{"line":32,"column":14},"end":{"line":32,"column":52}},"type":"cond-expr","locations":[{"start":{"line":32,"column":27},"end":{"line":32,"column":34}},{"start":{"line":32,"column":37},"end":{"line":32,"column":52}}],"line":32},"5":{"loc":{"start":{"line":34,"column":15},"end":{"line":34,"column":69}},"type":"cond-expr","locations":[{"start":{"line":34,"column":28},"end":{"line":34,"column":43}},{"start":{"line":34,"column":46},"end":{"line":34,"column":69}}],"line":34}},"s":{"0":2,"1":11,"2":11,"3":2},"f":{"0":11,"1":11},"b":{"0":[1],"1":[11],"2":[11,0],"3":[4,7],"4":[4,7],"5":[4,7]},"_coverageSchema":"1a1c01bbd47fc00a2c39e90264f33305004495a9","hash":"3383a387ffe4ae20fb3d99c3a65a9af5e8ed4067"}
,"/Users/dcc/Desktop/ecommerce-react-native/src/components/LoadingState.tsx": {"path":"/Users/dcc/Desktop/ecommerce-react-native/src/components/LoadingState.tsx","statementMap":{"0":{"start":{"line":9,"column":57},"end":{"line":18,"column":1}},"1":{"start":{"line":12,"column":2},"end":{"line":17,"column":4}},"2":{"start":{"line":20,"column":15},"end":{"line":32,"column":2}}},"fnMap":{"0":{"name":"(anonymous_0)","decl":{"start":{"line":9,"column":57},"end":{"line":9,"column":58}},"loc":{"start":{"line":11,"column":6},"end":{"line":18,"column":1}},"line":11}},"branchMap":{"0":{"loc":{"start":{"line":10,"column":2},"end":{"line":10,"column":24}},"type":"default-arg","locations":[{"start":{"line":10,"column":12},"end":{"line":10,"column":24}}],"line":10}},"s":{"0":0,"1":0,"2":0},"f":{"0":0},"b":{"0":[0]}}
,"/Users/dcc/Desktop/ecommerce-react-native/src/components/Price.tsx": {"path":"/Users/dcc/Desktop/ecommerce-react-native/src/components/Price.tsx","statementMap":{"0":{"start":{"line":13,"column":19},"end":{"line":18,"column":1}},"1":{"start":{"line":20,"column":43},"end":{"line":40,"column":1}},"2":{"start":{"line":26,"column":17},"end":{"line":26,"column":33}},"3":{"start":{"line":28,"column":31},"end":{"line":32,"column":3}},"4":{"start":{"line":34,"column":2},"end":{"line":39,"column":4}},"5":{"start":{"line":42,"column":15},"end":{"line":48,"column":2}}},"fnMap":{"0":{"name":"(anonymous_0)","decl":{"start":{"line":20,"column":43},"end":{"line":20,"column":44}},"loc":{"start":{"line":25,"column":6},"end":{"line":40,"column":1}},"line":25}},"branchMap":{"0":{"loc":{"start":{"line":22,"column":2},"end":{"line":22,"column":13}},"type":"default-arg","locations":[{"start":{"line":22,"column":9},"end":{"line":22,"column":13}}],"line":22},"1":{"loc":{"start":{"line":23,"column":2},"end":{"line":23,"column":24}},"type":"default-arg","locations":[{"start":{"line":23,"column":10},"end":{"line":23,"column":24}}],"line":23}},"s":{"0":2,"1":2,"2":27,"3":27,"4":27,"5":2},"f":{"0":27},"b":{"0":[7],"1":[27]},"_coverageSchema":"1a1c01bbd47fc00a2c39e90264f33305004495a9","hash":"4552bc550489f9fde6f92fc6c681879a9bdeb515"}
,"/Users/dcc/Desktop/ecommerce-react-native/src/components/ProductCard.tsx": {"path":"/Users/dcc/Desktop/ecommerce-react-native/src/components/ProductCard.tsx","statementMap":{"0":{"start":{"line":30,"column":55},"end":{"line":95,"column":1}},"1":{"start":{"line":43,"column":20},"end":{"line":43,"column":41}},"2":{"start":{"line":44,"column":19},"end":{"line":44,"column":46}},"3":{"start":{"line":46,"column":2},"end":{"line":94,"column":4}},"4":{"start":{"line":48,"column":30},"end":{"line":52,"column":7}},"5":{"start":{"line":97,"column":15},"end":{"line":137,"column":2}}},"fnMap":{"0":{"name":"(anonymous_0)","decl":{"start":{"line":30,"column":55},"end":{"line":30,"column":56}},"loc":{"start":{"line":42,"column":6},"end":{"line":95,"column":1}},"line":42},"1":{"name":"(anonymous_1)","decl":{"start":{"line":48,"column":13},"end":{"line":48,"column":14}},"loc":{"start":{"line":48,"column":30},"end":{"line":52,"column":7}},"line":48}},"branchMap":{"0":{"loc":{"start":{"line":33,"column":2},"end":{"line":33,"column":20}},"type":"default-arg","locations":[{"start":{"line":33,"column":15},"end":{"line":33,"column":20}}],"line":33},"1":{"loc":{"start":{"line":35,"column":2},"end":{"line":35,"column":27}},"type":"default-arg","locations":[{"start":{"line":35,"column":23},"end":{"line":35,"column":27}}],"line":35},"2":{"loc":{"start":{"line":36,"column":2},"end":{"line":36,"column":18}},"type":"default-arg","locations":[{"start":{"line":36,"column":13},"end":{"line":36,"column":18}}],"line":36},"3":{"loc":{"start":{"line":37,"column":2},"end":{"line":37,"column":18}},"type":"default-arg","locations":[{"start":{"line":37,"column":17},"end":{"line":37,"column":18}}],"line":37},"4":{"loc":{"start":{"line":41,"column":2},"end":{"line":41,"column":23}},"type":"default-arg","locations":[{"start":{"line":41,"column":19},"end":{"line":41,"column":23}}],"line":41},"5":{"loc":{"start":{"line":50,"column":8},"end":{"line":50,"column":42}},"type":"binary-expr","locations":[{"start":{"line":50,"column":8},"end":{"line":50,"column":16}},{"start":{"line":50,"column":20},"end":{"line":50,"column":42}}],"line":50},"6":{"loc":{"start":{"line":51,"column":8},"end":{"line":51,"column":33}},"type":"binary-expr","locations":[{"start":{"line":51,"column":8},"end":{"line":51,"column":15}},{"start":{"line":51,"column":19},"end":{"line":51,"column":33}}],"line":51},"7":{"loc":{"start":{"line":65,"column":7},"end":{"line":73,"column":7}},"type":"binary-expr","locations":[{"start":{"line":65,"column":7},"end":{"line":65,"column":25}},{"start":{"line":65,"column":29},"end":{"line":65,"column":45}},{"start":{"line":66,"column":8},"end":{"line":72,"column":15}}],"line":65},"8":{"loc":{"start":{"line":81,"column":11},"end":{"line":90,"column":11}},"type":"binary-expr","locations":[{"start":{"line":81,"column":11},"end":{"line":81,"column":25}},{"start":{"line":81,"column":29},"end":{"line":81,"column":40}},{"start":{"line":82,"column":12},"end":{"line":89,"column":14}}],"line":81}},"s":{"0":1,"1":16,"2":16,"3":16,"4":16,"5":1},"f":{"0":16,"1":16},"b":{"0":[15],"1":[15],"2":[13],"3":[13],"4":[15],"5":[16,0],"6":[16,0],"7":[16,15,3],"8":[16,15,5]},"_coverageSchema":"1a1c01bbd47fc00a2c39e90264f33305004495a9","hash":"47cfbb865ff9f255125844a2cba4db24d440ce7d"}
,"/Users/dcc/Desktop/ecommerce-react-native/src/components/ProductGrid.tsx": {"path":"/Users/dcc/Desktop/ecommerce-react-native/src/components/ProductGrid.tsx","statementMap":{"0":{"start":{"line":31,"column":55},"end":{"line":116,"column":1}},"1":{"start":{"line":47,"column":20},"end":{"line":47,"column":41}},"2":{"start":{"line":48,"column":21},"end":{"line":48,"column":90}},"3":{"start":{"line":50,"column":22},"end":{"line":53,"column":3}},"4":{"start":{"line":51,"column":27},"end":{"line":51,"column":81}},"5":{"start":{"line":51,"column":52},"end":{"line":51,"column":80}},"6":{"start":{"line":55,"column":46},"end":{"line":85,"column":3}},"7":{"start":{"line":57,"column":23},"end":{"line":57,"column":43}},"8":{"start":{"line":58,"column":6},"end":{"line":72,"column":8}},"9":{"start":{"line":61,"column":25},"end":{"line":61,"column":48}},"10":{"start":{"line":63,"column":34},"end":{"line":63,"column":59}},"11":{"start":{"line":67,"column":43},"end":{"line":67,"column":63}},"12":{"start":{"line":68,"column":51},"end":{"line":68,"column":75}},"13":{"start":{"line":69,"column":51},"end":{"line":69,"column":75}},"14":{"start":{"line":87,"column":23},"end":{"line":87,"column":66}},"15":{"start":{"line":87,"column":54},"end":{"line":87,"column":61}},"16":{"start":{"line":89,"column":2},"end":{"line":96,"column":3}},"17":{"start":{"line":90,"column":4},"end":{"line":95,"column":6}},"18":{"start":{"line":98,"column":2},"end":{"line":115,"column":4}},"19":{"start":{"line":118,"column":15},"end":{"line":126,"column":2}}},"fnMap":{"0":{"name":"(anonymous_0)","decl":{"start":{"line":31,"column":55},"end":{"line":31,"column":56}},"loc":{"start":{"line":46,"column":6},"end":{"line":116,"column":1}},"line":46},"1":{"name":"(anonymous_1)","decl":{"start":{"line":51,"column":4},"end":{"line":51,"column":5}},"loc":{"start":{"line":51,"column":27},"end":{"line":51,"column":81}},"line":51},"2":{"name":"(anonymous_2)","decl":{"start":{"line":51,"column":42},"end":{"line":51,"column":43}},"loc":{"start":{"line":51,"column":52},"end":{"line":51,"column":80}},"line":51},"3":{"name":"(anonymous_3)","decl":{"start":{"line":56,"column":4},"end":{"line":56,"column":5}},"loc":{"start":{"line":56,"column":18},"end":{"line":73,"column":5}},"line":56},"4":{"name":"(anonymous_4)","decl":{"start":{"line":61,"column":19},"end":{"line":61,"column":20}},"loc":{"start":{"line":61,"column":25},"end":{"line":61,"column":48}},"line":61},"5":{"name":"(anonymous_5)","decl":{"start":{"line":63,"column":28},"end":{"line":63,"column":29}},"loc":{"start":{"line":63,"column":34},"end":{"line":63,"column":59}},"line":63},"6":{"name":"(anonymous_6)","decl":{"start":{"line":67,"column":37},"end":{"line":67,"column":38}},"loc":{"start":{"line":67,"column":43},"end":{"line":67,"column":63}},"line":67},"7":{"name":"(anonymous_7)","decl":{"start":{"line":68,"column":45},"end":{"line":68,"column":46}},"loc":{"start":{"line":68,"column":51},"end":{"line":68,"column":75}},"line":68},"8":{"name":"(anonymous_8)","decl":{"start":{"line":69,"column":45},"end":{"line":69,"column":46}},"loc":{"start":{"line":69,"column":51},"end":{"line":69,"column":75}},"line":69},"9":{"name":"(anonymous_9)","decl":{"start":{"line":87,"column":35},"end":{"line":87,"column":36}},"loc":{"start":{"line":87,"column":54},"end":{"line":87,"column":61}},"line":87}},"branchMap":{"0":{"loc":{"start":{"line":34,"column":2},"end":{"line":34,"column":16}},"type":"default-arg","locations":[{"start":{"line":34,"column":14},"end":{"line":34,"column":16}}],"line":34},"1":{"loc":{"start":{"line":40,"column":2},"end":{"line":40,"column":20}},"type":"default-arg","locations":[{"start":{"line":40,"column":15},"end":{"line":40,"column":20}}],"line":40},"2":{"loc":{"start":{"line":42,"column":2},"end":{"line":42,"column":36}},"type":"default-arg","locations":[{"start":{"line":42,"column":17},"end":{"line":42,"column":36}}],"line":42},"3":{"loc":{"start":{"line":43,"column":2},"end":{"line":43,"column":28}},"type":"default-arg","locations":[{"start":{"line":43,"column":24},"end":{"line":43,"column":28}}],"line":43},"4":{"loc":{"start":{"line":44,"column":2},"end":{"line":44,"column":24}},"type":"default-arg","locations":[{"start":{"line":44,"column":20},"end":{"line":44,"column":24}}],"line":44},"5":{"loc":{"start":{"line":48,"column":21},"end":{"line":48,"column":90}},"type":"cond-expr","locations":[{"start":{"line":48,"column":51},"end":{"line":48,"column":69}},{"start":{"line":48,"column":72},"end":{"line":48,"column":90}}],"line":48},"6":{"loc":{"start":{"line":66,"column":24},"end":{"line":66,"column":47}},"type":"binary-expr","locations":[{"start":{"line":66,"column":24},"end":{"line":66,"column":42}},{"start":{"line":66,"column":46},"end":{"line":66,"column":47}}],"line":66},"7":{"loc":{"start":{"line":67,"column":23},"end":{"line":67,"column":75}},"type":"cond-expr","locations":[{"start":{"line":67,"column":37},"end":{"line":67,"column":63}},{"start":{"line":67,"column":66},"end":{"line":67,"column":75}}],"line":67},"8":{"loc":{"start":{"line":68,"column":27},"end":{"line":68,"column":87}},"type":"cond-expr","locations":[{"start":{"line":68,"column":45},"end":{"line":68,"column":75}},{"start":{"line":68,"column":78},"end":{"line":68,"column":87}}],"line":68},"9":{"loc":{"start":{"line":69,"column":27},"end":{"line":69,"column":87}},"type":"cond-expr","locations":[{"start":{"line":69,"column":45},"end":{"line":69,"column":75}},{"start":{"line":69,"column":78},"end":{"line":69,"column":87}}],"line":69},"10":{"loc":{"start":{"line":70,"column":26},"end":{"line":70,"column":58}},"type":"binary-expr","locations":[{"start":{"line":70,"column":26},"end":{"line":70,"column":41}},{"start":{"line":70,"column":45},"end":{"line":70,"column":58}}],"line":70},"11":{"loc":{"start":{"line":89,"column":2},"end":{"line":96,"column":3}},"type":"if","locations":[{"start":{"line":89,"column":2},"end":{"line":96,"column":3}},{"start":{},"end":{}}],"line":89},"12":{"loc":{"start":{"line":106,"column":26},"end":{"line":106,"column":75}},"type":"cond-expr","locations":[{"start":{"line":106,"column":43},"end":{"line":106,"column":63}},{"start":{"line":106,"column":66},"end":{"line":106,"column":75}}],"line":106},"13":{"loc":{"start":{"line":110,"column":8},"end":{"line":112,"column":21}},"type":"cond-expr","locations":[{"start":{"line":111,"column":10},"end":{"line":111,"column":74}},{"start":{"line":112,"column":12},"end":{"line":112,"column":21}}],"line":110}},"s":{"0":0,"1":0,"2":0,"3":0,"4":0,"5":0,"6":0,"7":0,"8":0,"9":0,"10":0,"11":0,"12":0,"13":0,"14":0,"15":0,"16":0,"17":0,"18":0,"19":0},"f":{"0":0,"1":0,"2":0,"3":0,"4":0,"5":0,"6":0,"7":0,"8":0,"9":0},"b":{"0":[0],"1":[0],"2":[0],"3":[0],"4":[0],"5":[0,0],"6":[0,0],"7":[0,0],"8":[0,0],"9":[0,0],"10":[0,0],"11":[0,0],"12":[0,0],"13":[0,0]}}
,"/Users/dcc/Desktop/ecommerce-react-native/src/components/SearchBar.tsx": {"path":"/Users/dcc/Desktop/ecommerce-react-native/src/components/SearchBar.tsx","statementMap":{"0":{"start":{"line":18,"column":51},"end":{"line":62,"column":1}},"1":{"start":{"line":23,"column":22},"end":{"line":25,"column":3}},"2":{"start":{"line":24,"column":4},"end":{"line":24,"column":21}},"3":{"start":{"line":27,"column":2},"end":{"line":61,"column":4}},"4":{"start":{"line":64,"column":15},"end":{"line":95,"column":2}}},"fnMap":{"0":{"name":"(anonymous_0)","decl":{"start":{"line":18,"column":51},"end":{"line":18,"column":52}},"loc":{"start":{"line":22,"column":6},"end":{"line":62,"column":1}},"line":22},"1":{"name":"(anonymous_1)","decl":{"start":{"line":23,"column":22},"end":{"line":23,"column":23}},"loc":{"start":{"line":23,"column":28},"end":{"line":25,"column":3}},"line":23}},"branchMap":{"0":{"loc":{"start":{"line":21,"column":2},"end":{"line":21,"column":36}},"type":"default-arg","locations":[{"start":{"line":21,"column":16},"end":{"line":21,"column":36}}],"line":21},"1":{"loc":{"start":{"line":49,"column":7},"end":{"line":59,"column":7}},"type":"binary-expr","locations":[{"start":{"line":49,"column":7},"end":{"line":49,"column":23}},{"start":{"line":50,"column":8},"end":{"line":58,"column":20}}],"line":49}},"s":{"0":0,"1":0,"2":0,"3":0,"4":0},"f":{"0":0,"1":0},"b":{"0":[0],"1":[0,0]}}
,"/Users/dcc/Desktop/ecommerce-react-native/src/constants/api.ts": {"path":"/Users/dcc/Desktop/ecommerce-react-native/src/constants/api.ts","statementMap":{"0":{"start":{"line":1,"column":26},"end":{"line":4,"column":10}},"1":{"start":{"line":6,"column":32},"end":{"line":6,"column":87}},"2":{"start":{"line":8,"column":28},"end":{"line":11,"column":10}},"3":{"start":{"line":13,"column":32},"end":{"line":16,"column":10}}},"fnMap":{},"branchMap":{},"s":{"0":6,"1":6,"2":6,"3":6},"f":{},"b":{},"_coverageSchema":"1a1c01bbd47fc00a2c39e90264f33305004495a9","hash":"5c04dab055c7b6330742264b3afbfe329c72beb9"}
,"/Users/dcc/Desktop/ecommerce-react-native/src/constants/theme.ts": {"path":"/Users/dcc/Desktop/ecommerce-react-native/src/constants/theme.ts","statementMap":{"0":{"start":{"line":1,"column":22},"end":{"line":23,"column":10}},"1":{"start":{"line":25,"column":23},"end":{"line":32,"column":10}},"2":{"start":{"line":34,"column":29},"end":{"line":40,"column":10}},"3":{"start":{"line":42,"column":26},"end":{"line":50,"column":10}},"4":{"start":{"line":52,"column":28},"end":{"line":57,"column":1}},"5":{"start":{"line":59,"column":27},"end":{"line":62,"column":10}},"6":{"start":{"line":64,"column":20},"end":{"line":68,"column":10}},"7":{"start":{"line":70,"column":23},"end":{"line":85,"column":10}},"8":{"start":{"line":87,"column":25},"end":{"line":91,"column":10}}},"fnMap":{},"branchMap":{},"s":{"0":6,"1":6,"2":6,"3":6,"4":6,"5":6,"6":6,"7":6,"8":6},"f":{},"b":{},"_coverageSchema":"1a1c01bbd47fc00a2c39e90264f33305004495a9","hash":"4ee1821feba1e2ee46f6fb6ef30820a5f70dce5c"}
,"/Users/dcc/Desktop/ecommerce-react-native/src/hooks/useHydrateStorage.ts": {"path":"/Users/dcc/Desktop/ecommerce-react-native/src/hooks/useHydrateStorage.ts","statementMap":{"0":{"start":{"line":37,"column":33},"end":{"line":57,"column":1}},"1":{"start":{"line":38,"column":19},"end":{"line":38,"column":35}},"2":{"start":{"line":40,"column":28},"end":{"line":40,"column":67}},"3":{"start":{"line":41,"column":23},"end":{"line":41,"column":57}},"4":{"start":{"line":43,"column":21},"end":{"line":43,"column":54}},"5":{"start":{"line":44,"column":20},"end":{"line":44,"column":31}},"6":{"start":{"line":46,"column":2},"end":{"line":51,"column":17}},"7":{"start":{"line":48,"column":4},"end":{"line":48,"column":30}},"8":{"start":{"line":49,"column":4},"end":{"line":49,"column":25}},"9":{"start":{"line":50,"column":4},"end":{"line":50,"column":30}},"10":{"start":{"line":53,"column":2},"end":{"line":56,"column":4}}},"fnMap":{"0":{"name":"(anonymous_0)","decl":{"start":{"line":37,"column":33},"end":{"line":37,"column":34}},"loc":{"start":{"line":37,"column":64},"end":{"line":57,"column":1}},"line":37},"1":{"name":"(anonymous_1)","decl":{"start":{"line":46,"column":12},"end":{"line":46,"column":13}},"loc":{"start":{"line":46,"column":18},"end":{"line":51,"column":3}},"line":46}},"branchMap":{"0":{"loc":{"start":{"line":43,"column":21},"end":{"line":43,"column":54}},"type":"binary-expr","locations":[{"start":{"line":43,"column":21},"end":{"line":43,"column":38}},{"start":{"line":43,"column":42},"end":{"line":43,"column":54}}],"line":43}},"s":{"0":0,"1":0,"2":0,"3":0,"4":0,"5":0,"6":0,"7":0,"8":0,"9":0,"10":0},"f":{"0":0,"1":0},"b":{"0":[0,0]}}
,"/Users/dcc/Desktop/ecommerce-react-native/src/navigation/CartStackNavigator.tsx": {"path":"/Users/dcc/Desktop/ecommerce-react-native/src/navigation/CartStackNavigator.tsx","statementMap":{"0":{"start":{"line":8,"column":14},"end":{"line":8,"column":62}},"1":{"start":{"line":10,"column":44},"end":{"line":32,"column":1}},"2":{"start":{"line":11,"column":2},"end":{"line":31,"column":4}}},"fnMap":{"0":{"name":"(anonymous_0)","decl":{"start":{"line":10,"column":44},"end":{"line":10,"column":45}},"loc":{"start":{"line":10,"column":50},"end":{"line":32,"column":1}},"line":10}},"branchMap":{},"s":{"0":0,"1":0,"2":0},"f":{"0":0},"b":{}}
,"/Users/dcc/Desktop/ecommerce-react-native/src/navigation/FavoritesStackNavigator.tsx": {"path":"/Users/dcc/Desktop/ecommerce-react-native/src/navigation/FavoritesStackNavigator.tsx","statementMap":{"0":{"start":{"line":8,"column":14},"end":{"line":8,"column":67}},"1":{"start":{"line":10,"column":49},"end":{"line":32,"column":1}},"2":{"start":{"line":11,"column":2},"end":{"line":31,"column":4}}},"fnMap":{"0":{"name":"(anonymous_0)","decl":{"start":{"line":10,"column":49},"end":{"line":10,"column":50}},"loc":{"start":{"line":10,"column":55},"end":{"line":32,"column":1}},"line":10}},"branchMap":{},"s":{"0":0,"1":0,"2":0},"f":{"0":0},"b":{}}
,"/Users/dcc/Desktop/ecommerce-react-native/src/navigation/ProductsStackNavigator.tsx": {"path":"/Users/dcc/Desktop/ecommerce-react-native/src/navigation/ProductsStackNavigator.tsx","statementMap":{"0":{"start":{"line":8,"column":14},"end":{"line":8,"column":66}},"1":{"start":{"line":10,"column":48},"end":{"line":32,"column":1}},"2":{"start":{"line":11,"column":2},"end":{"line":31,"column":4}}},"fnMap":{"0":{"name":"(anonymous_0)","decl":{"start":{"line":10,"column":48},"end":{"line":10,"column":49}},"loc":{"start":{"line":10,"column":54},"end":{"line":32,"column":1}},"line":10}},"branchMap":{},"s":{"0":0,"1":0,"2":0},"f":{"0":0},"b":{}}
,"/Users/dcc/Desktop/ecommerce-react-native/src/navigation/RootNavigator.tsx": {"path":"/Users/dcc/Desktop/ecommerce-react-native/src/navigation/RootNavigator.tsx","statementMap":{"0":{"start":{"line":6,"column":39},"end":{"line":12,"column":1}},"1":{"start":{"line":7,"column":2},"end":{"line":11,"column":4}}},"fnMap":{"0":{"name":"(anonymous_0)","decl":{"start":{"line":6,"column":39},"end":{"line":6,"column":40}},"loc":{"start":{"line":6,"column":45},"end":{"line":12,"column":1}},"line":6}},"branchMap":{},"s":{"0":0,"1":0},"f":{"0":0},"b":{}}
,"/Users/dcc/Desktop/ecommerce-react-native/src/navigation/TabNavigator.tsx": {"path":"/Users/dcc/Desktop/ecommerce-react-native/src/navigation/TabNavigator.tsx","statementMap":{"0":{"start":{"line":11,"column":12},"end":{"line":11,"column":56}},"1":{"start":{"line":13,"column":38},"end":{"line":66,"column":1}},"2":{"start":{"line":14,"column":25},"end":{"line":14,"column":61}},"3":{"start":{"line":15,"column":24},"end":{"line":15,"column":59}},"4":{"start":{"line":17,"column":2},"end":{"line":65,"column":4}},"5":{"start":{"line":35,"column":12},"end":{"line":35,"column":70}},"6":{"start":{"line":46,"column":12},"end":{"line":46,"column":71}},"7":{"start":{"line":58,"column":12},"end":{"line":58,"column":70}}},"fnMap":{"0":{"name":"(anonymous_0)","decl":{"start":{"line":13,"column":38},"end":{"line":13,"column":39}},"loc":{"start":{"line":13,"column":44},"end":{"line":66,"column":1}},"line":13},"1":{"name":"(anonymous_1)","decl":{"start":{"line":34,"column":22},"end":{"line":34,"column":23}},"loc":{"start":{"line":35,"column":12},"end":{"line":35,"column":70}},"line":35},"2":{"name":"(anonymous_2)","decl":{"start":{"line":45,"column":22},"end":{"line":45,"column":23}},"loc":{"start":{"line":46,"column":12},"end":{"line":46,"column":71}},"line":46},"3":{"name":"(anonymous_3)","decl":{"start":{"line":57,"column":22},"end":{"line":57,"column":23}},"loc":{"start":{"line":58,"column":12},"end":{"line":58,"column":70}},"line":58}},"branchMap":{"0":{"loc":{"start":{"line":48,"column":23},"end":{"line":48,"column":70}},"type":"cond-expr","locations":[{"start":{"line":48,"column":44},"end":{"line":48,"column":58}},{"start":{"line":48,"column":61},"end":{"line":48,"column":70}}],"line":48},"1":{"loc":{"start":{"line":60,"column":23},"end":{"line":60,"column":68}},"type":"cond-expr","locations":[{"start":{"line":60,"column":43},"end":{"line":60,"column":56}},{"start":{"line":60,"column":59},"end":{"line":60,"column":68}}],"line":60}},"s":{"0":0,"1":0,"2":0,"3":0,"4":0,"5":0,"6":0,"7":0},"f":{"0":0,"1":0,"2":0,"3":0},"b":{"0":[0,0],"1":[0,0]}}
,"/Users/dcc/Desktop/ecommerce-react-native/src/navigation/linking.ts": {"path":"/Users/dcc/Desktop/ecommerce-react-native/src/navigation/linking.ts","statementMap":{"0":{"start":{"line":6,"column":15},"end":{"line":6,"column":37}},"1":{"start":{"line":8,"column":63},"end":{"line":32,"column":1}}},"fnMap":{},"branchMap":{},"s":{"0":0,"1":0},"f":{},"b":{}}
,"/Users/dcc/Desktop/ecommerce-react-native/src/screens/CartScreen.tsx": {"path":"/Users/dcc/Desktop/ecommerce-react-native/src/screens/CartScreen.tsx","statementMap":{"0":{"start":{"line":27,"column":36},"end":{"line":144,"column":1}},"1":{"start":{"line":28,"column":21},"end":{"line":28,"column":52}},"2":{"start":{"line":29,"column":19},"end":{"line":29,"column":35}},"3":{"start":{"line":31,"column":19},"end":{"line":31,"column":49}},"4":{"start":{"line":32,"column":20},"end":{"line":32,"column":51}},"5":{"start":{"line":34,"column":23},"end":{"line":41,"column":27}},"6":{"start":{"line":35,"column":4},"end":{"line":40,"column":98}},"7":{"start":{"line":37,"column":24},"end":{"line":37,"column":69}},"8":{"start":{"line":37,"column":45},"end":{"line":37,"column":68}},"9":{"start":{"line":38,"column":8},"end":{"line":38,"column":69}},"10":{"start":{"line":40,"column":83},"end":{"line":40,"column":96}},"11":{"start":{"line":43,"column":22},"end":{"line":48,"column":20}},"12":{"start":{"line":44,"column":4},"end":{"line":47,"column":6}},"13":{"start":{"line":45,"column":40},"end":{"line":45,"column":72}},"14":{"start":{"line":50,"column":21},"end":{"line":52,"column":17}},"15":{"start":{"line":51,"column":4},"end":{"line":51,"column":71}},"16":{"start":{"line":51,"column":45},"end":{"line":51,"column":66}},"17":{"start":{"line":54,"column":29},"end":{"line":59,"column":3}},"18":{"start":{"line":56,"column":6},"end":{"line":56,"column":63}},"19":{"start":{"line":61,"column":26},"end":{"line":66,"column":3}},"20":{"start":{"line":63,"column":6},"end":{"line":63,"column":45}},"21":{"start":{"line":68,"column":26},"end":{"line":73,"column":3}},"22":{"start":{"line":70,"column":6},"end":{"line":70,"column":45}},"23":{"start":{"line":75,"column":23},"end":{"line":80,"column":3}},"24":{"start":{"line":77,"column":6},"end":{"line":77,"column":42}},"25":{"start":{"line":82,"column":26},"end":{"line":84,"column":16}},"26":{"start":{"line":83,"column":4},"end":{"line":83,"column":26}},"27":{"start":{"line":86,"column":2},"end":{"line":95,"column":3}},"28":{"start":{"line":87,"column":4},"end":{"line":94,"column":6}},"29":{"start":{"line":97,"column":2},"end":{"line":143,"column":4}},"30":{"start":{"line":101,"column":32},"end":{"line":101,"column":47}},"31":{"start":{"line":103,"column":10},"end":{"line":110,"column":12}},"32":{"start":{"line":106,"column":27},"end":{"line":106,"column":62}},"33":{"start":{"line":107,"column":31},"end":{"line":107,"column":63}},"34":{"start":{"line":108,"column":31},"end":{"line":108,"column":63}},"35":{"start":{"line":109,"column":28},"end":{"line":109,"column":57}},"36":{"start":{"line":135,"column":34},"end":{"line":135,"column":84}},"37":{"start":{"line":146,"column":15},"end":{"line":201,"column":2}}},"fnMap":{"0":{"name":"(anonymous_0)","decl":{"start":{"line":27,"column":36},"end":{"line":27,"column":37}},"loc":{"start":{"line":27,"column":42},"end":{"line":144,"column":1}},"line":27},"1":{"name":"(anonymous_1)","decl":{"start":{"line":34,"column":31},"end":{"line":34,"column":32}},"loc":{"start":{"line":34,"column":37},"end":{"line":41,"column":3}},"line":34},"2":{"name":"(anonymous_2)","decl":{"start":{"line":36,"column":11},"end":{"line":36,"column":12}},"loc":{"start":{"line":36,"column":21},"end":{"line":39,"column":7}},"line":36},"3":{"name":"(anonymous_3)","decl":{"start":{"line":37,"column":38},"end":{"line":37,"column":39}},"loc":{"start":{"line":37,"column":45},"end":{"line":37,"column":68}},"line":37},"4":{"name":"(anonymous_4)","decl":{"start":{"line":40,"column":14},"end":{"line":40,"column":15}},"loc":{"start":{"line":40,"column":83},"end":{"line":40,"column":96}},"line":40},"5":{"name":"(anonymous_5)","decl":{"start":{"line":43,"column":30},"end":{"line":43,"column":31}},"loc":{"start":{"line":43,"column":36},"end":{"line":48,"column":3}},"line":43},"6":{"name":"(anonymous_6)","decl":{"start":{"line":45,"column":6},"end":{"line":45,"column":7}},"loc":{"start":{"line":45,"column":40},"end":{"line":45,"column":72}},"line":45},"7":{"name":"(anonymous_7)","decl":{"start":{"line":50,"column":29},"end":{"line":50,"column":30}},"loc":{"start":{"line":50,"column":35},"end":{"line":52,"column":3}},"line":50},"8":{"name":"(anonymous_8)","decl":{"start":{"line":51,"column":28},"end":{"line":51,"column":29}},"loc":{"start":{"line":51,"column":45},"end":{"line":51,"column":66}},"line":51},"9":{"name":"(anonymous_9)","decl":{"start":{"line":55,"column":4},"end":{"line":55,"column":5}},"loc":{"start":{"line":55,"column":27},"end":{"line":57,"column":5}},"line":55},"10":{"name":"(anonymous_10)","decl":{"start":{"line":62,"column":4},"end":{"line":62,"column":5}},"loc":{"start":{"line":62,"column":27},"end":{"line":64,"column":5}},"line":62},"11":{"name":"(anonymous_11)","decl":{"start":{"line":69,"column":4},"end":{"line":69,"column":5}},"loc":{"start":{"line":69,"column":27},"end":{"line":71,"column":5}},"line":69},"12":{"name":"(anonymous_12)","decl":{"start":{"line":76,"column":4},"end":{"line":76,"column":5}},"loc":{"start":{"line":76,"column":27},"end":{"line":78,"column":5}},"line":76},"13":{"name":"(anonymous_13)","decl":{"start":{"line":82,"column":38},"end":{"line":82,"column":39}},"loc":{"start":{"line":82,"column":44},"end":{"line":84,"column":3}},"line":82},"14":{"name":"(anonymous_14)","decl":{"start":{"line":101,"column":22},"end":{"line":101,"column":23}},"loc":{"start":{"line":101,"column":32},"end":{"line":101,"column":47}},"line":101},"15":{"name":"(anonymous_15)","decl":{"start":{"line":102,"column":20},"end":{"line":102,"column":21}},"loc":{"start":{"line":103,"column":10},"end":{"line":110,"column":12}},"line":103},"16":{"name":"(anonymous_16)","decl":{"start":{"line":106,"column":21},"end":{"line":106,"column":22}},"loc":{"start":{"line":106,"column":27},"end":{"line":106,"column":62}},"line":106},"17":{"name":"(anonymous_17)","decl":{"start":{"line":107,"column":25},"end":{"line":107,"column":26}},"loc":{"start":{"line":107,"column":31},"end":{"line":107,"column":63}},"line":107},"18":{"name":"(anonymous_18)","decl":{"start":{"line":108,"column":25},"end":{"line":108,"column":26}},"loc":{"start":{"line":108,"column":31},"end":{"line":108,"column":63}},"line":108},"19":{"name":"(anonymous_19)","decl":{"start":{"line":109,"column":22},"end":{"line":109,"column":23}},"loc":{"start":{"line":109,"column":28},"end":{"line":109,"column":57}},"line":109},"20":{"name":"(anonymous_20)","decl":{"start":{"line":135,"column":17},"end":{"line":135,"column":18}},"loc":{"start":{"line":135,"column":34},"end":{"line":135,"column":84}},"line":135}},"branchMap":{"0":{"loc":{"start":{"line":38,"column":15},"end":{"line":38,"column":68}},"type":"cond-expr","locations":[{"start":{"line":38,"column":25},"end":{"line":38,"column":61}},{"start":{"line":38,"column":64},"end":{"line":38,"column":68}}],"line":38},"1":{"loc":{"start":{"line":86,"column":2},"end":{"line":95,"column":3}},"type":"if","locations":[{"start":{"line":86,"column":2},"end":{"line":95,"column":3}},{"start":{},"end":{}}],"line":86},"2":{"loc":{"start":{"line":135,"column":58},"end":{"line":135,"column":83}},"type":"binary-expr","locations":[{"start":{"line":135,"column":58},"end":{"line":135,"column":65}},{"start":{"line":135,"column":69},"end":{"line":135,"column":83}}],"line":135}},"s":{"0":0,"1":0,"2":0,"3":0,"4":0,"5":0,"6":0,"7":0,"8":0,"9":0,"10":0,"11":0,"12":0,"13":0,"14":0,"15":0,"16":0,"17":0,"18":0,"19":0,"20":0,"21":0,"22":0,"23":0,"24":0,"25":0,"26":0,"27":0,"28":0,"29":0,"30":0,"31":0,"32":0,"33":0,"34":0,"35":0,"36":0,"37":0},"f":{"0":0,"1":0,"2":0,"3":0,"4":0,"5":0,"6":0,"7":0,"8":0,"9":0,"10":0,"11":0,"12":0,"13":0,"14":0,"15":0,"16":0,"17":0,"18":0,"19":0,"20":0},"b":{"0":[0,0],"1":[0,0],"2":[0,0]}}
,"/Users/dcc/Desktop/ecommerce-react-native/src/screens/DetailsScreen.tsx": {"path":"/Users/dcc/Desktop/ecommerce-react-native/src/screens/DetailsScreen.tsx","statementMap":{"0":{"start":{"line":39,"column":39},"end":{"line":122,"column":1}},"1":{"start":{"line":40,"column":16},"end":{"line":40,"column":44}},"2":{"start":{"line":41,"column":24},"end":{"line":41,"column":36}},"3":{"start":{"line":42,"column":20},"end":{"line":42,"column":41}},"4":{"start":{"line":43,"column":19},"end":{"line":43,"column":46}},"5":{"start":{"line":45,"column":19},"end":{"line":45,"column":35}},"6":{"start":{"line":46,"column":19},"end":{"line":46,"column":49}},"7":{"start":{"line":47,"column":22},"end":{"line":47,"column":55}},"8":{"start":{"line":48,"column":19},"end":{"line":48,"column":82}},"9":{"start":{"line":48,"column":45},"end":{"line":48,"column":81}},"10":{"start":{"line":50,"column":18},"end":{"line":50,"column":58}},"11":{"start":{"line":50,"column":39},"end":{"line":50,"column":57}},"12":{"start":{"line":51,"column":21},"end":{"line":51,"column":52}},"13":{"start":{"line":52,"column":19},"end":{"line":52,"column":29}},"14":{"start":{"line":53,"column":23},"end":{"line":53,"column":46}},"15":{"start":{"line":55,"column":31},"end":{"line":57,"column":27}},"16":{"start":{"line":56,"column":4},"end":{"line":56,"column":40}},"17":{"start":{"line":59,"column":26},"end":{"line":61,"column":27}},"18":{"start":{"line":60,"column":4},"end":{"line":60,"column":35}},"19":{"start":{"line":63,"column":30},"end":{"line":65,"column":27}},"20":{"start":{"line":64,"column":4},"end":{"line":64,"column":43}},"21":{"start":{"line":67,"column":30},"end":{"line":69,"column":27}},"22":{"start":{"line":68,"column":4},"end":{"line":68,"column":43}},"23":{"start":{"line":71,"column":2},"end":{"line":73,"column":3}},"24":{"start":{"line":72,"column":4},"end":{"line":72,"column":57}},"25":{"start":{"line":75,"column":2},"end":{"line":121,"column":4}},"26":{"start":{"line":124,"column":15},"end":{"line":200,"column":2}}},"fnMap":{"0":{"name":"(anonymous_0)","decl":{"start":{"line":39,"column":39},"end":{"line":39,"column":40}},"loc":{"start":{"line":39,"column":45},"end":{"line":122,"column":1}},"line":39},"1":{"name":"(anonymous_1)","decl":{"start":{"line":48,"column":34},"end":{"line":48,"column":35}},"loc":{"start":{"line":48,"column":45},"end":{"line":48,"column":81}},"line":48},"2":{"name":"(anonymous_2)","decl":{"start":{"line":50,"column":32},"end":{"line":50,"column":33}},"loc":{"start":{"line":50,"column":39},"end":{"line":50,"column":57}},"line":50},"3":{"name":"(anonymous_3)","decl":{"start":{"line":55,"column":43},"end":{"line":55,"column":44}},"loc":{"start":{"line":55,"column":49},"end":{"line":57,"column":3}},"line":55},"4":{"name":"(anonymous_4)","decl":{"start":{"line":59,"column":38},"end":{"line":59,"column":39}},"loc":{"start":{"line":59,"column":44},"end":{"line":61,"column":3}},"line":59},"5":{"name":"(anonymous_5)","decl":{"start":{"line":63,"column":42},"end":{"line":63,"column":43}},"loc":{"start":{"line":63,"column":48},"end":{"line":65,"column":3}},"line":63},"6":{"name":"(anonymous_6)","decl":{"start":{"line":67,"column":42},"end":{"line":67,"column":43}},"loc":{"start":{"line":67,"column":48},"end":{"line":69,"column":3}},"line":67}},"branchMap":{"0":{"loc":{"start":{"line":53,"column":23},"end":{"line":53,"column":46}},"type":"binary-expr","locations":[{"start":{"line":53,"column":23},"end":{"line":53,"column":41}},{"start":{"line":53,"column":45},"end":{"line":53,"column":46}}],"line":53},"1":{"loc":{"start":{"line":71,"column":2},"end":{"line":73,"column":3}},"type":"if","locations":[{"start":{"line":71,"column":2},"end":{"line":73,"column":3}},{"start":{},"end":{}}],"line":71},"2":{"loc":{"start":{"line":80,"column":8},"end":{"line":80,"column":40}},"type":"binary-expr","locations":[{"start":{"line":80,"column":8},"end":{"line":80,"column":16}},{"start":{"line":80,"column":20},"end":{"line":80,"column":40}}],"line":80},"3":{"loc":{"start":{"line":84,"column":43},"end":{"line":84,"column":82}},"type":"binary-expr","locations":[{"start":{"line":84,"column":43},"end":{"line":84,"column":51}},{"start":{"line":84,"column":55},"end":{"line":84,"column":82}}],"line":84},"4":{"loc":{"start":{"line":101,"column":36},"end":{"line":101,"column":68}},"type":"binary-expr","locations":[{"start":{"line":101,"column":36},"end":{"line":101,"column":44}},{"start":{"line":101,"column":48},"end":{"line":101,"column":68}}],"line":101}},"s":{"0":0,"1":0,"2":0,"3":0,"4":0,"5":0,"6":0,"7":0,"8":0,"9":0,"10":0,"11":0,"12":0,"13":0,"14":0,"15":0,"16":0,"17":0,"18":0,"19":0,"20":0,"21":0,"22":0,"23":0,"24":0,"25":0,"26":0},"f":{"0":0,"1":0,"2":0,"3":0,"4":0,"5":0,"6":0},"b":{"0":[0,0],"1":[0,0],"2":[0,0],"3":[0,0],"4":[0,0]}}
,"/Users/dcc/Desktop/ecommerce-react-native/src/screens/FavoritesScreen.tsx": {"path":"/Users/dcc/Desktop/ecommerce-react-native/src/screens/FavoritesScreen.tsx","statementMap":{"0":{"start":{"line":18,"column":41},"end":{"line":66,"column":1}},"1":{"start":{"line":19,"column":21},"end":{"line":19,"column":52}},"2":{"start":{"line":20,"column":19},"end":{"line":20,"column":35}},"3":{"start":{"line":22,"column":19},"end":{"line":22,"column":49}},"4":{"start":{"line":23,"column":22},"end":{"line":23,"column":55}},"5":{"start":{"line":25,"column":27},"end":{"line":28,"column":3}},"6":{"start":{"line":26,"column":10},"end":{"line":26,"column":72}},"7":{"start":{"line":26,"column":39},"end":{"line":26,"column":71}},"8":{"start":{"line":30,"column":29},"end":{"line":35,"column":3}},"9":{"start":{"line":32,"column":6},"end":{"line":32,"column":60}},"10":{"start":{"line":37,"column":31},"end":{"line":42,"column":3}},"11":{"start":{"line":39,"column":6},"end":{"line":39,"column":42}},"12":{"start":{"line":44,"column":2},"end":{"line":53,"column":3}},"13":{"start":{"line":45,"column":4},"end":{"line":52,"column":6}},"14":{"start":{"line":55,"column":2},"end":{"line":65,"column":4}},"15":{"start":{"line":68,"column":15},"end":{"line":73,"column":2}}},"fnMap":{"0":{"name":"(anonymous_0)","decl":{"start":{"line":18,"column":41},"end":{"line":18,"column":42}},"loc":{"start":{"line":18,"column":47},"end":{"line":66,"column":1}},"line":18},"1":{"name":"(anonymous_1)","decl":{"start":{"line":26,"column":4},"end":{"line":26,"column":5}},"loc":{"start":{"line":26,"column":10},"end":{"line":26,"column":72}},"line":26},"2":{"name":"(anonymous_2)","decl":{"start":{"line":26,"column":26},"end":{"line":26,"column":27}},"loc":{"start":{"line":26,"column":39},"end":{"line":26,"column":71}},"line":26},"3":{"name":"(anonymous_3)","decl":{"start":{"line":31,"column":4},"end":{"line":31,"column":5}},"loc":{"start":{"line":31,"column":27},"end":{"line":33,"column":5}},"line":31},"4":{"name":"(anonymous_4)","decl":{"start":{"line":38,"column":4},"end":{"line":38,"column":5}},"loc":{"start":{"line":38,"column":27},"end":{"line":40,"column":5}},"line":38}},"branchMap":{"0":{"loc":{"start":{"line":44,"column":2},"end":{"line":53,"column":3}},"type":"if","locations":[{"start":{"line":44,"column":2},"end":{"line":53,"column":3}},{"start":{},"end":{}}],"line":44}},"s":{"0":0,"1":0,"2":0,"3":0,"4":0,"5":0,"6":0,"7":0,"8":0,"9":0,"10":0,"11":0,"12":0,"13":0,"14":0,"15":0},"f":{"0":0,"1":0,"2":0,"3":0,"4":0},"b":{"0":[0,0]}}
,"/Users/dcc/Desktop/ecommerce-react-native/src/screens/ListScreen.tsx": {"path":"/Users/dcc/Desktop/ecommerce-react-native/src/screens/ListScreen.tsx","statementMap":{"0":{"start":{"line":31,"column":36},"end":{"line":133,"column":1}},"1":{"start":{"line":32,"column":21},"end":{"line":32,"column":52}},"2":{"start":{"line":33,"column":19},"end":{"line":33,"column":35}},"3":{"start":{"line":35,"column":19},"end":{"line":35,"column":49}},"4":{"start":{"line":36,"column":18},"end":{"line":36,"column":55}},"5":{"start":{"line":37,"column":16},"end":{"line":37,"column":51}},"6":{"start":{"line":38,"column":22},"end":{"line":38,"column":55}},"7":{"start":{"line":39,"column":20},"end":{"line":39,"column":51}},"8":{"start":{"line":41,"column":40},"end":{"line":41,"column":52}},"9":{"start":{"line":42,"column":38},"end":{"line":42,"column":53}},"10":{"start":{"line":44,"column":2},"end":{"line":48,"column":34}},"11":{"start":{"line":45,"column":4},"end":{"line":47,"column":5}},"12":{"start":{"line":46,"column":6},"end":{"line":46,"column":32}},"13":{"start":{"line":50,"column":24},"end":{"line":54,"column":16}},"14":{"start":{"line":51,"column":4},"end":{"line":51,"column":24}},"15":{"start":{"line":52,"column":4},"end":{"line":52,"column":36}},"16":{"start":{"line":53,"column":4},"end":{"line":53,"column":25}},"17":{"start":{"line":56,"column":29},"end":{"line":61,"column":3}},"18":{"start":{"line":58,"column":6},"end":{"line":58,"column":52}},"19":{"start":{"line":63,"column":31},"end":{"line":68,"column":3}},"20":{"start":{"line":65,"column":6},"end":{"line":65,"column":42}},"21":{"start":{"line":70,"column":26},"end":{"line":75,"column":3}},"22":{"start":{"line":72,"column":6},"end":{"line":72,"column":37}},"23":{"start":{"line":77,"column":30},"end":{"line":82,"column":3}},"24":{"start":{"line":79,"column":6},"end":{"line":79,"column":45}},"25":{"start":{"line":84,"column":30},"end":{"line":89,"column":3}},"26":{"start":{"line":86,"column":6},"end":{"line":86,"column":45}},"27":{"start":{"line":91,"column":22},"end":{"line":93,"column":16}},"28":{"start":{"line":92,"column":4},"end":{"line":92,"column":30}},"29":{"start":{"line":95,"column":27},"end":{"line":95,"column":64}},"30":{"start":{"line":97,"column":2},"end":{"line":99,"column":3}},"31":{"start":{"line":98,"column":4},"end":{"line":98,"column":58}},"32":{"start":{"line":101,"column":2},"end":{"line":103,"column":3}},"33":{"start":{"line":102,"column":4},"end":{"line":102,"column":64}},"34":{"start":{"line":105,"column":2},"end":{"line":132,"column":4}},"35":{"start":{"line":135,"column":15},"end":{"line":140,"column":2}}},"fnMap":{"0":{"name":"(anonymous_0)","decl":{"start":{"line":31,"column":36},"end":{"line":31,"column":37}},"loc":{"start":{"line":31,"column":42},"end":{"line":133,"column":1}},"line":31},"1":{"name":"(anonymous_1)","decl":{"start":{"line":44,"column":12},"end":{"line":44,"column":13}},"loc":{"start":{"line":44,"column":18},"end":{"line":48,"column":3}},"line":44},"2":{"name":"(anonymous_2)","decl":{"start":{"line":50,"column":36},"end":{"line":50,"column":37}},"loc":{"start":{"line":50,"column":48},"end":{"line":54,"column":3}},"line":50},"3":{"name":"(anonymous_3)","decl":{"start":{"line":57,"column":4},"end":{"line":57,"column":5}},"loc":{"start":{"line":57,"column":27},"end":{"line":59,"column":5}},"line":57},"4":{"name":"(anonymous_4)","decl":{"start":{"line":64,"column":4},"end":{"line":64,"column":5}},"loc":{"start":{"line":64,"column":27},"end":{"line":66,"column":5}},"line":64},"5":{"name":"(anonymous_5)","decl":{"start":{"line":71,"column":4},"end":{"line":71,"column":5}},"loc":{"start":{"line":71,"column":27},"end":{"line":73,"column":5}},"line":71},"6":{"name":"(anonymous_6)","decl":{"start":{"line":78,"column":4},"end":{"line":78,"column":5}},"loc":{"start":{"line":78,"column":27},"end":{"line":80,"column":5}},"line":78},"7":{"name":"(anonymous_7)","decl":{"start":{"line":85,"column":4},"end":{"line":85,"column":5}},"loc":{"start":{"line":85,"column":27},"end":{"line":87,"column":5}},"line":85},"8":{"name":"(anonymous_8)","decl":{"start":{"line":91,"column":34},"end":{"line":91,"column":35}},"loc":{"start":{"line":91,"column":40},"end":{"line":93,"column":3}},"line":91}},"branchMap":{"0":{"loc":{"start":{"line":45,"column":4},"end":{"line":47,"column":5}},"type":"if","locations":[{"start":{"line":45,"column":4},"end":{"line":47,"column":5}},{"start":{},"end":{}}],"line":45},"1":{"loc":{"start":{"line":97,"column":2},"end":{"line":99,"column":3}},"type":"if","locations":[{"start":{"line":97,"column":2},"end":{"line":99,"column":3}},{"start":{},"end":{}}],"line":97},"2":{"loc":{"start":{"line":97,"column":6},"end":{"line":97,"column":38}},"type":"binary-expr","locations":[{"start":{"line":97,"column":6},"end":{"line":97,"column":13}},{"start":{"line":97,"column":17},"end":{"line":97,"column":38}}],"line":97},"3":{"loc":{"start":{"line":101,"column":2},"end":{"line":103,"column":3}},"type":"if","locations":[{"start":{"line":101,"column":2},"end":{"line":103,"column":3}},{"start":{},"end":{}}],"line":101},"4":{"loc":{"start":{"line":101,"column":6},"end":{"line":101,"column":36}},"type":"binary-expr","locations":[{"start":{"line":101,"column":6},"end":{"line":101,"column":11}},{"start":{"line":101,"column":15},"end":{"line":101,"column":36}}],"line":101},"5":{"loc":{"start":{"line":119,"column":10},"end":{"line":121,"column":37}},"type":"cond-expr","locations":[{"start":{"line":120,"column":14},"end":{"line":120,"column":54}},{"start":{"line":121,"column":14},"end":{"line":121,"column":37}}],"line":119}},"s":{"0":0,"1":0,"2":0,"3":0,"4":0,"5":0,"6":0,"7":0,"8":0,"9":0,"10":0,"11":0,"12":0,"13":0,"14":0,"15":0,"16":0,"17":0,"18":0,"19":0,"20":0,"21":0,"22":0,"23":0,"24":0,"25":0,"26":0,"27":0,"28":0,"29":0,"30":0,"31":0,"32":0,"33":0,"34":0,"35":0},"f":{"0":0,"1":0,"2":0,"3":0,"4":0,"5":0,"6":0,"7":0,"8":0},"b":{"0":[0,0],"1":[0,0],"2":[0,0],"3":[0,0],"4":[0,0],"5":[0,0]}}
,"/Users/dcc/Desktop/ecommerce-react-native/src/services/api.ts": {"path":"/Users/dcc/Desktop/ecommerce-react-native/src/services/api.ts","statementMap":{"0":{"start":{"line":4,"column":27},"end":{"line":4,"column":30}},"1":{"start":{"line":6,"column":36},"end":{"line":10,"column":1}},"2":{"start":{"line":8,"column":2},"end":{"line":8,"column":74}},"3":{"start":{"line":8,"column":33},"end":{"line":8,"column":72}},"4":{"start":{"line":9,"column":2},"end":{"line":9,"column":35}},"5":{"start":{"line":12,"column":32},"end":{"line":18,"column":1}},"6":{"start":{"line":15,"column":2},"end":{"line":15,"column":78}},"7":{"start":{"line":15,"column":33},"end":{"line":15,"column":76}},"8":{"start":{"line":16,"column":19},"end":{"line":16,"column":44}},"9":{"start":{"line":17,"column":2},"end":{"line":17,"column":62}},"10":{"start":{"line":17,"column":36},"end":{"line":17,"column":60}},"11":{"start":{"line":20,"column":30},"end":{"line":32,"column":1}},"12":{"start":{"line":24,"column":2},"end":{"line":26,"column":3}},"13":{"start":{"line":25,"column":4},"end":{"line":25,"column":20}},"14":{"start":{"line":28,"column":16},"end":{"line":28,"column":48}},"15":{"start":{"line":29,"column":2},"end":{"line":31,"column":4}},"16":{"start":{"line":30,"column":4},"end":{"line":30,"column":46}}},"fnMap":{"0":{"name":"(anonymous_0)","decl":{"start":{"line":6,"column":36},"end":{"line":6,"column":37}},"loc":{"start":{"line":6,"column":68},"end":{"line":10,"column":1}},"line":6},"1":{"name":"(anonymous_1)","decl":{"start":{"line":8,"column":20},"end":{"line":8,"column":21}},"loc":{"start":{"line":8,"column":33},"end":{"line":8,"column":72}},"line":8},"2":{"name":"(anonymous_2)","decl":{"start":{"line":12,"column":32},"end":{"line":12,"column":33}},"loc":{"start":{"line":14,"column":35},"end":{"line":18,"column":1}},"line":14},"3":{"name":"(anonymous_3)","decl":{"start":{"line":15,"column":20},"end":{"line":15,"column":21}},"loc":{"start":{"line":15,"column":33},"end":{"line":15,"column":76}},"line":15},"4":{"name":"(anonymous_4)","decl":{"start":{"line":17,"column":23},"end":{"line":17,"column":24}},"loc":{"start":{"line":17,"column":36},"end":{"line":17,"column":60}},"line":17},"5":{"name":"(anonymous_5)","decl":{"start":{"line":20,"column":30},"end":{"line":20,"column":31}},"loc":{"start":{"line":23,"column":16},"end":{"line":32,"column":1}},"line":23},"6":{"name":"(anonymous_6)","decl":{"start":{"line":29,"column":25},"end":{"line":29,"column":26}},"loc":{"start":{"line":30,"column":4},"end":{"line":30,"column":46}},"line":30}},"branchMap":{"0":{"loc":{"start":{"line":24,"column":2},"end":{"line":26,"column":3}},"type":"if","locations":[{"start":{"line":24,"column":2},"end":{"line":26,"column":3}},{"start":{},"end":{}}],"line":24}},"s":{"0":0,"1":0,"2":0,"3":0,"4":0,"5":0,"6":0,"7":0,"8":0,"9":0,"10":0,"11":0,"12":0,"13":0,"14":0,"15":0,"16":0},"f":{"0":0,"1":0,"2":0,"3":0,"4":0,"5":0,"6":0},"b":{"0":[0,0]}}
,"/Users/dcc/Desktop/ecommerce-react-native/src/services/storage.ts": {"path":"/Users/dcc/Desktop/ecommerce-react-native/src/services/storage.ts","statementMap":{"0":{"start":{"line":4,"column":28},"end":{"line":12,"column":1}},"1":{"start":{"line":5,"column":2},"end":{"line":11,"column":3}},"2":{"start":{"line":6,"column":19},"end":{"line":6,"column":69}},"3":{"start":{"line":7,"column":4},"end":{"line":7,"column":44}},"4":{"start":{"line":9,"column":4},"end":{"line":9,"column":53}},"5":{"start":{"line":10,"column":4},"end":{"line":10,"column":14}},"6":{"start":{"line":14,"column":28},"end":{"line":23,"column":1}},"7":{"start":{"line":15,"column":2},"end":{"line":22,"column":3}},"8":{"start":{"line":16,"column":4},"end":{"line":19,"column":6}},"9":{"start":{"line":21,"column":4},"end":{"line":21,"column":52}},"10":{"start":{"line":25,"column":36},"end":{"line":31,"column":1}},"11":{"start":{"line":26,"column":20},"end":{"line":26,"column":40}},"12":{"start":{"line":27,"column":2},"end":{"line":30,"column":3}},"13":{"start":{"line":28,"column":4},"end":{"line":28,"column":30}},"14":{"start":{"line":29,"column":4},"end":{"line":29,"column":34}},"15":{"start":{"line":33,"column":41},"end":{"line":39,"column":1}},"16":{"start":{"line":36,"column":20},"end":{"line":36,"column":40}},"17":{"start":{"line":37,"column":19},"end":{"line":37,"column":61}},"18":{"start":{"line":37,"column":44},"end":{"line":37,"column":60}},"19":{"start":{"line":38,"column":2},"end":{"line":38,"column":31}},"20":{"start":{"line":41,"column":41},"end":{"line":47,"column":1}},"21":{"start":{"line":42,"column":2},"end":{"line":46,"column":3}},"22":{"start":{"line":43,"column":4},"end":{"line":43,"column":58}},"23":{"start":{"line":45,"column":4},"end":{"line":45,"column":54}}},"fnMap":{"0":{"name":"(anonymous_0)","decl":{"start":{"line":4,"column":28},"end":{"line":4,"column":29}},"loc":{"start":{"line":4,"column":59},"end":{"line":12,"column":1}},"line":4},"1":{"name":"(anonymous_1)","decl":{"start":{"line":14,"column":28},"end":{"line":14,"column":29}},"loc":{"start":{"line":14,"column":76},"end":{"line":23,"column":1}},"line":14},"2":{"name":"(anonymous_2)","decl":{"start":{"line":25,"column":36},"end":{"line":25,"column":37}},"loc":{"start":{"line":25,"column":80},"end":{"line":31,"column":1}},"line":25},"3":{"name":"(anonymous_3)","decl":{"start":{"line":33,"column":41},"end":{"line":33,"column":42}},"loc":{"start":{"line":35,"column":20},"end":{"line":39,"column":1}},"line":35},"4":{"name":"(anonymous_4)","decl":{"start":{"line":37,"column":36},"end":{"line":37,"column":37}},"loc":{"start":{"line":37,"column":44},"end":{"line":37,"column":60}},"line":37},"5":{"name":"(anonymous_5)","decl":{"start":{"line":41,"column":41},"end":{"line":41,"column":42}},"loc":{"start":{"line":41,"column":68},"end":{"line":47,"column":1}},"line":41}},"branchMap":{"0":{"loc":{"start":{"line":7,"column":11},"end":{"line":7,"column":43}},"type":"cond-expr","locations":[{"start":{"line":7,"column":20},"end":{"line":7,"column":38}},{"start":{"line":7,"column":41},"end":{"line":7,"column":43}}],"line":7},"1":{"loc":{"start":{"line":27,"column":2},"end":{"line":30,"column":3}},"type":"if","locations":[{"start":{"line":27,"column":2},"end":{"line":30,"column":3}},{"start":{},"end":{}}],"line":27}},"s":{"0":0,"1":0,"2":0,"3":0,"4":0,"5":0,"6":0,"7":0,"8":0,"9":0,"10":0,"11":0,"12":0,"13":0,"14":0,"15":0,"16":0,"17":0,"18":0,"19":0,"20":0,"21":0,"22":0,"23":0},"f":{"0":0,"1":0,"2":0,"3":0,"4":0,"5":0},"b":{"0":[0,0],"1":[0,0]}}
,"/Users/dcc/Desktop/ecommerce-react-native/src/store/hooks.ts": {"path":"/Users/dcc/Desktop/ecommerce-react-native/src/store/hooks.ts","statementMap":{"0":{"start":{"line":4,"column":30},"end":{"line":4,"column":66}},"1":{"start":{"line":5,"column":30},"end":{"line":5,"column":64}},"2":{"start":{"line":6,"column":27},"end":{"line":6,"column":57}}},"fnMap":{},"branchMap":{},"s":{"0":0,"1":0,"2":0},"f":{},"b":{}}
,"/Users/dcc/Desktop/ecommerce-react-native/src/store/slices/cartSlice.ts": {"path":"/Users/dcc/Desktop/ecommerce-react-native/src/store/slices/cartSlice.ts","statementMap":{"0":{"start":{"line":11,"column":32},"end":{"line":14,"column":1}},"1":{"start":{"line":16,"column":24},"end":{"line":33,"column":2}},"2":{"start":{"line":21,"column":2},"end":{"line":32,"column":3}},"3":{"start":{"line":22,"column":23},"end":{"line":22,"column":68}},"4":{"start":{"line":23,"column":4},"end":{"line":25,"column":5}},"5":{"start":{"line":24,"column":6},"end":{"line":24,"column":50}},"6":{"start":{"line":26,"column":4},"end":{"line":26,"column":14}},"7":{"start":{"line":28,"column":4},"end":{"line":28,"column":49}},"8":{"start":{"line":29,"column":4},"end":{"line":31,"column":6}},"9":{"start":{"line":35,"column":24},"end":{"line":48,"column":2}},"10":{"start":{"line":40,"column":2},"end":{"line":47,"column":3}},"11":{"start":{"line":41,"column":4},"end":{"line":41,"column":77}},"12":{"start":{"line":43,"column":4},"end":{"line":43,"column":49}},"13":{"start":{"line":44,"column":4},"end":{"line":46,"column":6}},"14":{"start":{"line":50,"column":18},"end":{"line":120,"column":2}},"15":{"start":{"line":55,"column":24},"end":{"line":55,"column":38}},"16":{"start":{"line":56,"column":27},"end":{"line":56,"column":83}},"17":{"start":{"line":56,"column":54},"end":{"line":56,"column":82}},"18":{"start":{"line":58,"column":6},"end":{"line":62,"column":7}},"19":{"start":{"line":59,"column":8},"end":{"line":59,"column":35}},"20":{"start":{"line":61,"column":8},"end":{"line":61,"column":53}},"21":{"start":{"line":66,"column":24},"end":{"line":66,"column":38}},"22":{"start":{"line":67,"column":6},"end":{"line":67,"column":79}},"23":{"start":{"line":67,"column":49},"end":{"line":67,"column":77}},"24":{"start":{"line":74,"column":38},"end":{"line":74,"column":52}},"25":{"start":{"line":75,"column":19},"end":{"line":75,"column":75}},"26":{"start":{"line":75,"column":46},"end":{"line":75,"column":74}},"27":{"start":{"line":77,"column":6},"end":{"line":83,"column":7}},"28":{"start":{"line":78,"column":8},"end":{"line":82,"column":9}},"29":{"start":{"line":79,"column":10},"end":{"line":79,"column":77}},"30":{"start":{"line":79,"column":50},"end":{"line":79,"column":75}},"31":{"start":{"line":81,"column":10},"end":{"line":81,"column":35}},"32":{"start":{"line":87,"column":24},"end":{"line":87,"column":38}},"33":{"start":{"line":88,"column":19},"end":{"line":88,"column":75}},"34":{"start":{"line":88,"column":46},"end":{"line":88,"column":74}},"35":{"start":{"line":89,"column":6},"end":{"line":91,"column":7}},"36":{"start":{"line":90,"column":8},"end":{"line":90,"column":27}},"37":{"start":{"line":95,"column":24},"end":{"line":95,"column":38}},"38":{"start":{"line":96,"column":19},"end":{"line":96,"column":75}},"39":{"start":{"line":96,"column":46},"end":{"line":96,"column":74}},"40":{"start":{"line":97,"column":6},"end":{"line":103,"column":7}},"41":{"start":{"line":98,"column":8},"end":{"line":102,"column":9}},"42":{"start":{"line":99,"column":10},"end":{"line":99,"column":77}},"43":{"start":{"line":99,"column":50},"end":{"line":99,"column":75}},"44":{"start":{"line":101,"column":10},"end":{"line":101,"column":29}},"45":{"start":{"line":107,"column":6},"end":{"line":107,"column":23}},"46":{"start":{"line":111,"column":4},"end":{"line":118,"column":9}},"47":{"start":{"line":113,"column":8},"end":{"line":113,"column":37}},"48":{"start":{"line":114,"column":8},"end":{"line":114,"column":30}},"49":{"start":{"line":117,"column":8},"end":{"line":117,"column":30}},"50":{"start":{"line":129,"column":4},"end":{"line":129,"column":21}},"51":{"start":{"line":131,"column":31},"end":{"line":131,"column":79}},"52":{"start":{"line":131,"column":63},"end":{"line":131,"column":79}},"53":{"start":{"line":133,"column":35},"end":{"line":134,"column":68}},"54":{"start":{"line":134,"column":2},"end":{"line":134,"column":68}},"55":{"start":{"line":134,"column":43},"end":{"line":134,"column":64}},"56":{"start":{"line":136,"column":34},"end":{"line":137,"column":63}},"57":{"start":{"line":137,"column":2},"end":{"line":137,"column":63}},"58":{"start":{"line":137,"column":34},"end":{"line":137,"column":62}},"59":{"start":{"line":139,"column":30},"end":{"line":140,"column":63}},"60":{"start":{"line":140,"column":2},"end":{"line":140,"column":63}},"61":{"start":{"line":140,"column":34},"end":{"line":140,"column":62}},"62":{"start":{"line":142,"column":34},"end":{"line":142,"column":85}},"63":{"start":{"line":142,"column":66},"end":{"line":142,"column":85}}},"fnMap":{"0":{"name":"(anonymous_0)","decl":{"start":{"line":20,"column":19},"end":{"line":20,"column":20}},"loc":{"start":{"line":20,"column":53},"end":{"line":33,"column":1}},"line":20},"1":{"name":"(anonymous_1)","decl":{"start":{"line":39,"column":19},"end":{"line":39,"column":20}},"loc":{"start":{"line":39,"column":61},"end":{"line":48,"column":1}},"line":39},"2":{"name":"(anonymous_2)","decl":{"start":{"line":54,"column":15},"end":{"line":54,"column":16}},"loc":{"start":{"line":54,"column":57},"end":{"line":63,"column":5}},"line":54},"3":{"name":"(anonymous_3)","decl":{"start":{"line":56,"column":44},"end":{"line":56,"column":45}},"loc":{"start":{"line":56,"column":54},"end":{"line":56,"column":82}},"line":56},"4":{"name":"(anonymous_4)","decl":{"start":{"line":65,"column":20},"end":{"line":65,"column":21}},"loc":{"start":{"line":65,"column":62},"end":{"line":68,"column":5}},"line":65},"5":{"name":"(anonymous_5)","decl":{"start":{"line":67,"column":39},"end":{"line":67,"column":40}},"loc":{"start":{"line":67,"column":49},"end":{"line":67,"column":77}},"line":67},"6":{"name":"(anonymous_6)","decl":{"start":{"line":70,"column":20},"end":{"line":70,"column":21}},"loc":{"start":{"line":73,"column":9},"end":{"line":84,"column":5}},"line":73},"7":{"name":"(anonymous_7)","decl":{"start":{"line":75,"column":36},"end":{"line":75,"column":37}},"loc":{"start":{"line":75,"column":46},"end":{"line":75,"column":74}},"line":75},"8":{"name":"(anonymous_8)","decl":{"start":{"line":79,"column":43},"end":{"line":79,"column":44}},"loc":{"start":{"line":79,"column":50},"end":{"line":79,"column":75}},"line":79},"9":{"name":"(anonymous_9)","decl":{"start":{"line":86,"column":23},"end":{"line":86,"column":24}},"loc":{"start":{"line":86,"column":65},"end":{"line":92,"column":5}},"line":86},"10":{"name":"(anonymous_10)","decl":{"start":{"line":88,"column":36},"end":{"line":88,"column":37}},"loc":{"start":{"line":88,"column":46},"end":{"line":88,"column":74}},"line":88},"11":{"name":"(anonymous_11)","decl":{"start":{"line":94,"column":23},"end":{"line":94,"column":24}},"loc":{"start":{"line":94,"column":65},"end":{"line":104,"column":5}},"line":94},"12":{"name":"(anonymous_12)","decl":{"start":{"line":96,"column":36},"end":{"line":96,"column":37}},"loc":{"start":{"line":96,"column":46},"end":{"line":96,"column":74}},"line":96},"13":{"name":"(anonymous_13)","decl":{"start":{"line":99,"column":43},"end":{"line":99,"column":44}},"loc":{"start":{"line":99,"column":50},"end":{"line":99,"column":75}},"line":99},"14":{"name":"(anonymous_14)","decl":{"start":{"line":106,"column":15},"end":{"line":106,"column":16}},"loc":{"start":{"line":106,"column":26},"end":{"line":108,"column":5}},"line":106},"15":{"name":"(anonymous_15)","decl":{"start":{"line":110,"column":17},"end":{"line":110,"column":18}},"loc":{"start":{"line":110,"column":30},"end":{"line":119,"column":3}},"line":110},"16":{"name":"(anonymous_16)","decl":{"start":{"line":112,"column":35},"end":{"line":112,"column":36}},"loc":{"start":{"line":112,"column":81},"end":{"line":115,"column":7}},"line":112},"17":{"name":"(anonymous_17)","decl":{"start":{"line":116,"column":34},"end":{"line":116,"column":35}},"loc":{"start":{"line":116,"column":45},"end":{"line":118,"column":7}},"line":116},"18":{"name":"(anonymous_18)","decl":{"start":{"line":131,"column":31},"end":{"line":131,"column":32}},"loc":{"start":{"line":131,"column":63},"end":{"line":131,"column":79}},"line":131},"19":{"name":"(anonymous_19)","decl":{"start":{"line":133,"column":35},"end":{"line":133,"column":36}},"loc":{"start":{"line":134,"column":2},"end":{"line":134,"column":68}},"line":134},"20":{"name":"(anonymous_20)","decl":{"start":{"line":134,"column":26},"end":{"line":134,"column":27}},"loc":{"start":{"line":134,"column":43},"end":{"line":134,"column":64}},"line":134},"21":{"name":"(anonymous_21)","decl":{"start":{"line":136,"column":34},"end":{"line":136,"column":35}},"loc":{"start":{"line":137,"column":2},"end":{"line":137,"column":63}},"line":137},"22":{"name":"(anonymous_22)","decl":{"start":{"line":137,"column":24},"end":{"line":137,"column":25}},"loc":{"start":{"line":137,"column":34},"end":{"line":137,"column":62}},"line":137},"23":{"name":"(anonymous_23)","decl":{"start":{"line":139,"column":30},"end":{"line":139,"column":31}},"loc":{"start":{"line":140,"column":2},"end":{"line":140,"column":63}},"line":140},"24":{"name":"(anonymous_24)","decl":{"start":{"line":140,"column":24},"end":{"line":140,"column":25}},"loc":{"start":{"line":140,"column":34},"end":{"line":140,"column":62}},"line":140},"25":{"name":"(anonymous_25)","decl":{"start":{"line":142,"column":34},"end":{"line":142,"column":35}},"loc":{"start":{"line":142,"column":66},"end":{"line":142,"column":85}},"line":142}},"branchMap":{"0":{"loc":{"start":{"line":23,"column":4},"end":{"line":25,"column":5}},"type":"if","locations":[{"start":{"line":23,"column":4},"end":{"line":25,"column":5}},{"start":{},"end":{}}],"line":23},"1":{"loc":{"start":{"line":30,"column":6},"end":{"line":30,"column":68}},"type":"cond-expr","locations":[{"start":{"line":30,"column":31},"end":{"line":30,"column":44}},{"start":{"line":30,"column":47},"end":{"line":30,"column":68}}],"line":30},"2":{"loc":{"start":{"line":45,"column":6},"end":{"line":45,"column":68}},"type":"cond-expr","locations":[{"start":{"line":45,"column":31},"end":{"line":45,"column":44}},{"start":{"line":45,"column":47},"end":{"line":45,"column":68}}],"line":45},"3":{"loc":{"start":{"line":58,"column":6},"end":{"line":62,"column":7}},"type":"if","locations":[{"start":{"line":58,"column":6},"end":{"line":62,"column":7}},{"start":{"line":60,"column":13},"end":{"line":62,"column":7}}],"line":58},"4":{"loc":{"start":{"line":77,"column":6},"end":{"line":83,"column":7}},"type":"if","locations":[{"start":{"line":77,"column":6},"end":{"line":83,"column":7}},{"start":{},"end":{}}],"line":77},"5":{"loc":{"start":{"line":78,"column":8},"end":{"line":82,"column":9}},"type":"if","locations":[{"start":{"line":78,"column":8},"end":{"line":82,"column":9}},{"start":{"line":80,"column":15},"end":{"line":82,"column":9}}],"line":78},"6":{"loc":{"start":{"line":89,"column":6},"end":{"line":91,"column":7}},"type":"if","locations":[{"start":{"line":89,"column":6},"end":{"line":91,"column":7}},{"start":{},"end":{}}],"line":89},"7":{"loc":{"start":{"line":97,"column":6},"end":{"line":103,"column":7}},"type":"if","locations":[{"start":{"line":97,"column":6},"end":{"line":103,"column":7}},{"start":{},"end":{}}],"line":97},"8":{"loc":{"start":{"line":98,"column":8},"end":{"line":102,"column":9}},"type":"if","locations":[{"start":{"line":98,"column":8},"end":{"line":102,"column":9}},{"start":{"line":100,"column":15},"end":{"line":102,"column":9}}],"line":98}},"s":{"0":1,"1":1,"2":3,"3":3,"4":2,"5":1,"6":1,"7":1,"8":1,"9":1,"10":1,"11":1,"12":0,"13":0,"14":1,"15":3,"16":3,"17":2,"18":3,"19":1,"20":2,"21":2,"22":2,"23":3,"24":3,"25":3,"26":3,"27":3,"28":3,"29":2,"30":2,"31":1,"32":2,"33":2,"34":2,"35":2,"36":1,"37":2,"38":2,"39":2,"40":2,"41":2,"42":1,"43":1,"44":1,"45":1,"46":1,"47":2,"48":2,"49":1,"50":1,"51":1,"52":2,"53":1,"54":2,"55":2,"56":1,"57":2,"58":1,"59":1,"60":2,"61":1,"62":1,"63":2},"f":{"0":3,"1":1,"2":3,"3":2,"4":2,"5":3,"6":3,"7":3,"8":2,"9":2,"10":2,"11":2,"12":2,"13":1,"14":1,"15":1,"16":2,"17":1,"18":2,"19":2,"20":2,"21":2,"22":1,"23":2,"24":1,"25":2},"b":{"0":[1,1],"1":[1,0],"2":[0,0],"3":[1,2],"4":[3,0],"5":[2,1],"6":[1,1],"7":[2,0],"8":[1,1]},"_coverageSchema":"1a1c01bbd47fc00a2c39e90264f33305004495a9","hash":"49b5e5a2a85baafd268cd16244a6407bfdf81d0c"}
,"/Users/dcc/Desktop/ecommerce-react-native/src/store/slices/favoritesSlice.ts": {"path":"/Users/dcc/Desktop/ecommerce-react-native/src/store/slices/favoritesSlice.ts","statementMap":{"0":{"start":{"line":10,"column":37},"end":{"line":13,"column":1}},"1":{"start":{"line":15,"column":29},"end":{"line":32,"column":2}},"2":{"start":{"line":20,"column":2},"end":{"line":31,"column":3}},"3":{"start":{"line":21,"column":28},"end":{"line":21,"column":78}},"4":{"start":{"line":22,"column":4},"end":{"line":24,"column":5}},"5":{"start":{"line":23,"column":6},"end":{"line":23,"column":53}},"6":{"start":{"line":25,"column":4},"end":{"line":25,"column":14}},"7":{"start":{"line":27,"column":4},"end":{"line":27,"column":54}},"8":{"start":{"line":28,"column":4},"end":{"line":30,"column":6}},"9":{"start":{"line":34,"column":29},"end":{"line":50,"column":2}},"10":{"start":{"line":39,"column":2},"end":{"line":49,"column":3}},"11":{"start":{"line":40,"column":4},"end":{"line":43,"column":6}},"12":{"start":{"line":45,"column":4},"end":{"line":45,"column":54}},"13":{"start":{"line":46,"column":4},"end":{"line":48,"column":6}},"14":{"start":{"line":52,"column":23},"end":{"line":99,"column":2}},"15":{"start":{"line":57,"column":24},"end":{"line":57,"column":38}},"16":{"start":{"line":58,"column":20},"end":{"line":58,"column":48}},"17":{"start":{"line":60,"column":6},"end":{"line":64,"column":7}},"18":{"start":{"line":61,"column":8},"end":{"line":61,"column":34}},"19":{"start":{"line":63,"column":8},"end":{"line":63,"column":35}},"20":{"start":{"line":68,"column":24},"end":{"line":68,"column":38}},"21":{"start":{"line":69,"column":6},"end":{"line":71,"column":7}},"22":{"start":{"line":70,"column":8},"end":{"line":70,"column":34}},"23":{"start":{"line":75,"column":24},"end":{"line":75,"column":38}},"24":{"start":{"line":76,"column":20},"end":{"line":76,"column":48}},"25":{"start":{"line":77,"column":6},"end":{"line":79,"column":7}},"26":{"start":{"line":78,"column":8},"end":{"line":78,"column":35}},"27":{"start":{"line":83,"column":6},"end":{"line":83,"column":21}},"28":{"start":{"line":87,"column":4},"end":{"line":97,"column":9}},"29":{"start":{"line":91,"column":10},"end":{"line":91,"column":37}},"30":{"start":{"line":92,"column":10},"end":{"line":92,"column":32}},"31":{"start":{"line":96,"column":8},"end":{"line":96,"column":30}},"32":{"start":{"line":102,"column":2},"end":{"line":102,"column":24}},"33":{"start":{"line":104,"column":33},"end":{"line":105,"column":21}},"34":{"start":{"line":105,"column":2},"end":{"line":105,"column":21}},"35":{"start":{"line":107,"column":32},"end":{"line":110,"column":44}},"36":{"start":{"line":110,"column":5},"end":{"line":110,"column":44}},"37":{"start":{"line":112,"column":39},"end":{"line":113,"column":26}},"38":{"start":{"line":113,"column":2},"end":{"line":113,"column":26}},"39":{"start":{"line":115,"column":36},"end":{"line":116,"column":28}},"40":{"start":{"line":116,"column":2},"end":{"line":116,"column":28}}},"fnMap":{"0":{"name":"(anonymous_0)","decl":{"start":{"line":19,"column":29},"end":{"line":19,"column":30}},"loc":{"start":{"line":19,"column":63},"end":{"line":32,"column":1}},"line":19},"1":{"name":"(anonymous_1)","decl":{"start":{"line":38,"column":29},"end":{"line":38,"column":30}},"loc":{"start":{"line":38,"column":73},"end":{"line":50,"column":1}},"line":38},"2":{"name":"(anonymous_2)","decl":{"start":{"line":56,"column":20},"end":{"line":56,"column":21}},"loc":{"start":{"line":56,"column":62},"end":{"line":65,"column":5}},"line":56},"3":{"name":"(anonymous_3)","decl":{"start":{"line":67,"column":17},"end":{"line":67,"column":18}},"loc":{"start":{"line":67,"column":59},"end":{"line":72,"column":5}},"line":67},"4":{"name":"(anonymous_4)","decl":{"start":{"line":74,"column":20},"end":{"line":74,"column":21}},"loc":{"start":{"line":74,"column":62},"end":{"line":80,"column":5}},"line":74},"5":{"name":"(anonymous_5)","decl":{"start":{"line":82,"column":20},"end":{"line":82,"column":21}},"loc":{"start":{"line":82,"column":31},"end":{"line":84,"column":5}},"line":82},"6":{"name":"(anonymous_6)","decl":{"start":{"line":86,"column":17},"end":{"line":86,"column":18}},"loc":{"start":{"line":86,"column":30},"end":{"line":98,"column":3}},"line":86},"7":{"name":"(anonymous_7)","decl":{"start":{"line":90,"column":8},"end":{"line":90,"column":9}},"loc":{"start":{"line":90,"column":52},"end":{"line":93,"column":9}},"line":90},"8":{"name":"(anonymous_8)","decl":{"start":{"line":95,"column":39},"end":{"line":95,"column":40}},"loc":{"start":{"line":95,"column":50},"end":{"line":97,"column":7}},"line":95},"9":{"name":"(anonymous_9)","decl":{"start":{"line":104,"column":33},"end":{"line":104,"column":34}},"loc":{"start":{"line":105,"column":2},"end":{"line":105,"column":21}},"line":105},"10":{"name":"(anonymous_10)","decl":{"start":{"line":107,"column":32},"end":{"line":107,"column":33}},"loc":{"start":{"line":110,"column":5},"end":{"line":110,"column":44}},"line":110},"11":{"name":"(anonymous_11)","decl":{"start":{"line":112,"column":39},"end":{"line":112,"column":40}},"loc":{"start":{"line":113,"column":2},"end":{"line":113,"column":26}},"line":113},"12":{"name":"(anonymous_12)","decl":{"start":{"line":115,"column":36},"end":{"line":115,"column":37}},"loc":{"start":{"line":116,"column":2},"end":{"line":116,"column":28}},"line":116}},"branchMap":{"0":{"loc":{"start":{"line":22,"column":4},"end":{"line":24,"column":5}},"type":"if","locations":[{"start":{"line":22,"column":4},"end":{"line":24,"column":5}},{"start":{},"end":{}}],"line":22},"1":{"loc":{"start":{"line":29,"column":6},"end":{"line":29,"column":73}},"type":"cond-expr","locations":[{"start":{"line":29,"column":31},"end":{"line":29,"column":44}},{"start":{"line":29,"column":47},"end":{"line":29,"column":73}}],"line":29},"2":{"loc":{"start":{"line":47,"column":6},"end":{"line":47,"column":73}},"type":"cond-expr","locations":[{"start":{"line":47,"column":31},"end":{"line":47,"column":44}},{"start":{"line":47,"column":47},"end":{"line":47,"column":73}}],"line":47},"3":{"loc":{"start":{"line":60,"column":6},"end":{"line":64,"column":7}},"type":"if","locations":[{"start":{"line":60,"column":6},"end":{"line":64,"column":7}},{"start":{"line":62,"column":13},"end":{"line":64,"column":7}}],"line":60},"4":{"loc":{"start":{"line":69,"column":6},"end":{"line":71,"column":7}},"type":"if","locations":[{"start":{"line":69,"column":6},"end":{"line":71,"column":7}},{"start":{},"end":{}}],"line":69},"5":{"loc":{"start":{"line":77,"column":6},"end":{"line":79,"column":7}},"type":"if","locations":[{"start":{"line":77,"column":6},"end":{"line":79,"column":7}},{"start":{},"end":{}}],"line":77}},"s":{"0":1,"1":1,"2":3,"3":3,"4":2,"5":1,"6":1,"7":1,"8":1,"9":1,"10":0,"11":0,"12":0,"13":0,"14":1,"15":5,"16":5,"17":5,"18":3,"19":2,"20":2,"21":2,"22":1,"23":2,"24":2,"25":2,"26":1,"27":1,"28":1,"29":2,"30":2,"31":1,"32":1,"33":1,"34":1,"35":1,"36":2,"37":1,"38":2,"39":1,"40":2},"f":{"0":3,"1":0,"2":5,"3":2,"4":2,"5":1,"6":1,"7":2,"8":1,"9":1,"10":2,"11":2,"12":2},"b":{"0":[1,1],"1":[1,0],"2":[0,0],"3":[3,2],"4":[1,1],"5":[1,1]},"_coverageSchema":"1a1c01bbd47fc00a2c39e90264f33305004495a9","hash":"3dc98f03bb1024312d468e5ea1d2657686b260e2"}
,"/Users/dcc/Desktop/ecommerce-react-native/src/store/slices/productsSlice.ts": {"path":"/Users/dcc/Desktop/ecommerce-react-native/src/store/slices/productsSlice.ts","statementMap":{"0":{"start":{"line":11,"column":36},"end":{"line":15,"column":1}},"1":{"start":{"line":17,"column":29},"end":{"line":31,"column":2}},"2":{"start":{"line":22,"column":2},"end":{"line":30,"column":3}},"3":{"start":{"line":24,"column":4},"end":{"line":24,"column":61}},"4":{"start":{"line":24,"column":35},"end":{"line":24,"column":59}},"5":{"start":{"line":25,"column":4},"end":{"line":25,"column":37}},"6":{"start":{"line":27,"column":4},"end":{"line":29,"column":6}},"7":{"start":{"line":33,"column":22},"end":{"line":60,"column":2}},"8":{"start":{"line":38,"column":6},"end":{"line":38,"column":25}},"9":{"start":{"line":42,"column":4},"end":{"line":58,"column":9}},"10":{"start":{"line":44,"column":8},"end":{"line":44,"column":29}},"11":{"start":{"line":45,"column":8},"end":{"line":45,"column":27}},"12":{"start":{"line":50,"column":10},"end":{"line":50,"column":32}},"13":{"start":{"line":51,"column":10},"end":{"line":51,"column":39}},"14":{"start":{"line":52,"column":10},"end":{"line":52,"column":29}},"15":{"start":{"line":56,"column":8},"end":{"line":56,"column":30}},"16":{"start":{"line":57,"column":8},"end":{"line":57,"column":68}},"17":{"start":{"line":62,"column":30},"end":{"line":62,"column":51}},"18":{"start":{"line":64,"column":30},"end":{"line":65,"column":22}},"19":{"start":{"line":65,"column":2},"end":{"line":65,"column":22}},"20":{"start":{"line":67,"column":37},"end":{"line":68,"column":24}},"21":{"start":{"line":68,"column":2},"end":{"line":68,"column":24}},"22":{"start":{"line":70,"column":35},"end":{"line":71,"column":22}},"23":{"start":{"line":71,"column":2},"end":{"line":71,"column":22}},"24":{"start":{"line":73,"column":33},"end":{"line":76,"column":69}},"25":{"start":{"line":76,"column":5},"end":{"line":76,"column":69}},"26":{"start":{"line":76,"column":44},"end":{"line":76,"column":68}}},"fnMap":{"0":{"name":"(anonymous_0)","decl":{"start":{"line":21,"column":28},"end":{"line":21,"column":29}},"loc":{"start":{"line":21,"column":62},"end":{"line":31,"column":1}},"line":21},"1":{"name":"(anonymous_1)","decl":{"start":{"line":24,"column":22},"end":{"line":24,"column":23}},"loc":{"start":{"line":24,"column":35},"end":{"line":24,"column":59}},"line":24},"2":{"name":"(anonymous_2)","decl":{"start":{"line":37,"column":16},"end":{"line":37,"column":17}},"loc":{"start":{"line":37,"column":27},"end":{"line":39,"column":5}},"line":37},"3":{"name":"(anonymous_3)","decl":{"start":{"line":41,"column":17},"end":{"line":41,"column":18}},"loc":{"start":{"line":41,"column":30},"end":{"line":59,"column":3}},"line":41},"4":{"name":"(anonymous_4)","decl":{"start":{"line":43,"column":38},"end":{"line":43,"column":39}},"loc":{"start":{"line":43,"column":49},"end":{"line":46,"column":7}},"line":43},"5":{"name":"(anonymous_5)","decl":{"start":{"line":49,"column":8},"end":{"line":49,"column":9}},"loc":{"start":{"line":49,"column":53},"end":{"line":53,"column":9}},"line":49},"6":{"name":"(anonymous_6)","decl":{"start":{"line":55,"column":39},"end":{"line":55,"column":40}},"loc":{"start":{"line":55,"column":58},"end":{"line":58,"column":7}},"line":55},"7":{"name":"(anonymous_7)","decl":{"start":{"line":64,"column":30},"end":{"line":64,"column":31}},"loc":{"start":{"line":65,"column":2},"end":{"line":65,"column":22}},"line":65},"8":{"name":"(anonymous_8)","decl":{"start":{"line":67,"column":37},"end":{"line":67,"column":38}},"loc":{"start":{"line":68,"column":2},"end":{"line":68,"column":24}},"line":68},"9":{"name":"(anonymous_9)","decl":{"start":{"line":70,"column":35},"end":{"line":70,"column":36}},"loc":{"start":{"line":71,"column":2},"end":{"line":71,"column":22}},"line":71},"10":{"name":"(anonymous_10)","decl":{"start":{"line":73,"column":33},"end":{"line":73,"column":34}},"loc":{"start":{"line":76,"column":5},"end":{"line":76,"column":69}},"line":76},"11":{"name":"(anonymous_11)","decl":{"start":{"line":76,"column":31},"end":{"line":76,"column":32}},"loc":{"start":{"line":76,"column":44},"end":{"line":76,"column":68}},"line":76}},"branchMap":{"0":{"loc":{"start":{"line":28,"column":6},"end":{"line":28,"column":73}},"type":"cond-expr","locations":[{"start":{"line":28,"column":31},"end":{"line":28,"column":44}},{"start":{"line":28,"column":47},"end":{"line":28,"column":73}}],"line":28},"1":{"loc":{"start":{"line":57,"column":22},"end":{"line":57,"column":67}},"type":"binary-expr","locations":[{"start":{"line":57,"column":22},"end":{"line":57,"column":36}},{"start":{"line":57,"column":40},"end":{"line":57,"column":67}}],"line":57}},"s":{"0":1,"1":1,"2":3,"3":3,"4":3,"5":1,"6":0,"7":1,"8":2,"9":1,"10":3,"11":3,"12":1,"13":1,"14":1,"15":0,"16":0,"17":1,"18":1,"19":2,"20":1,"21":2,"22":1,"23":2,"24":1,"25":2,"26":3},"f":{"0":3,"1":3,"2":2,"3":1,"4":3,"5":1,"6":0,"7":2,"8":2,"9":2,"10":2,"11":3},"b":{"0":[0,0],"1":[0,0]},"_coverageSchema":"1a1c01bbd47fc00a2c39e90264f33305004495a9","hash":"98f876fc5e3708fffafb8dc8df83ad52b7429729"}
}
