TN:
SF:src/__tests__/utils/testUtils.tsx
FN:40,setupStore
FN:75,renderWithProviders
FN:84,Wrapper
FN:115,(anonymous_3)
FN:127,(anonymous_4)
FN:138,(anonymous_5)
FN:139,(anonymous_6)
FNF:7
FNH:0
FNDA:0,setupStore
FNDA:0,renderWithProviders
FNDA:0,Wrapper
FNDA:0,(anonymous_3)
FNDA:0,(anonymous_4)
FNDA:0,(anonymous_5)
FNDA:0,(anonymous_6)
DA:26,0
DA:41,0
DA:85,0
DA:89,0
DA:115,0
DA:127,0
DA:129,0
DA:138,0
DA:139,0
DA:140,0
DA:155,0
DA:161,0
DA:171,0
LF:13
LH:0
BRDA:77,0,0,0
BRDA:79,1,0,0
BRDA:115,2,0,0
BRDA:128,3,0,0
BRF:4
BRH:0
end_of_record
TN:
SF:src/components/AddToCartButton.tsx
FN:15,(anonymous_0)
FN:27,(anonymous_1)
FN:40,(anonymous_2)
FN:53,(anonymous_3)
FNF:4
FNH:4
FNDA:17,(anonymous_0)
FNDA:9,(anonymous_1)
FNDA:9,(anonymous_2)
FNDA:8,(anonymous_3)
DA:15,2
DA:23,17
DA:24,9
DA:27,9
DA:40,9
DA:51,8
DA:53,8
DA:68,2
LF:8
LH:8
BRDA:17,0,0,6
BRDA:21,1,0,10
BRDA:23,2,0,9
BRDA:23,2,1,8
BRDA:23,3,0,17
BRDA:23,3,1,10
BRDA:23,3,2,9
BRDA:25,4,0,9
BRDA:25,4,1,3
BRDA:27,5,0,9
BRDA:27,5,1,0
BRDA:32,6,0,3
BRDA:32,6,1,6
BRDA:35,7,0,9
BRDA:35,7,1,3
BRDA:40,8,0,9
BRDA:40,8,1,0
BRDA:45,9,0,3
BRDA:45,9,1,6
BRDA:55,10,0,8
BRDA:55,10,1,3
BRDA:56,11,0,8
BRDA:56,11,1,0
BRDA:62,12,0,3
BRDA:62,12,1,5
BRDA:63,13,0,8
BRDA:63,13,1,5
BRF:27
BRH:24
end_of_record
TN:
SF:src/components/CartItemCard.tsx
FN:23,(anonymous_0)
FN:35,(anonymous_1)
FN:53,(anonymous_2)
FN:63,(anonymous_3)
FN:76,(anonymous_4)
FNF:5
FNH:0
FNDA:0,(anonymous_0)
FNDA:0,(anonymous_1)
FNDA:0,(anonymous_2)
FNDA:0,(anonymous_3)
FNDA:0,(anonymous_4)
DA:23,0
DA:31,0
DA:33,0
DA:35,0
DA:53,0
DA:63,0
DA:76,0
DA:88,0
LF:8
LH:0
BRDA:35,0,0,0
BRDA:35,0,1,0
BRDA:53,1,0,0
BRDA:53,1,1,0
BRDA:63,2,0,0
BRDA:63,2,1,0
BRDA:76,3,0,0
BRDA:76,3,1,0
BRF:8
BRH:0
end_of_record
TN:
SF:src/components/DirhamIcon.tsx
FN:9,(anonymous_0)
FNF:1
FNH:1
FNDA:27,(anonymous_0)
DA:9,2
DA:13,27
LF:2
LH:2
BRDA:10,0,0,0
BRDA:11,1,0,0
BRF:2
BRH:0
end_of_record
TN:
SF:src/components/EmptyState.tsx
FN:11,(anonymous_0)
FNF:1
FNH:0
FNDA:0,(anonymous_0)
DA:11,0
DA:15,0
DA:23,0
LF:3
LH:0
BRDA:12,0,0,0
BRDA:13,1,0,0
BRF:2
BRH:0
end_of_record
TN:
SF:src/components/ErrorState.tsx
FN:11,(anonymous_0)
FN:22,(anonymous_1)
FNF:2
FNH:0
FNDA:0,(anonymous_0)
FNDA:0,(anonymous_1)
DA:11,0
DA:15,0
DA:22,0
DA:35,0
LF:4
LH:0
BRDA:12,0,0,0
BRDA:20,1,0,0
BRDA:20,1,1,0
BRDA:22,2,0,0
BRDA:22,2,1,0
BRF:5
BRH:0
end_of_record
TN:
SF:src/components/FavoriteButton.tsx
FN:13,(anonymous_0)
FN:21,(anonymous_1)
FNF:2
FNH:2
FNDA:11,(anonymous_0)
FNDA:11,(anonymous_1)
DA:13,2
DA:19,11
DA:21,11
DA:40,2
LF:4
LH:4
BRDA:16,0,0,1
BRDA:17,1,0,11
BRDA:23,2,0,11
BRDA:23,2,1,0
BRDA:27,3,0,4
BRDA:27,3,1,7
BRDA:32,4,0,4
BRDA:32,4,1,7
BRDA:34,5,0,4
BRDA:34,5,1,7
BRF:10
BRH:9
end_of_record
TN:
SF:src/components/LoadingState.tsx
FN:9,(anonymous_0)
FNF:1
FNH:0
FNDA:0,(anonymous_0)
DA:9,0
DA:12,0
DA:20,0
LF:3
LH:0
BRDA:10,0,0,0
BRF:1
BRH:0
end_of_record
TN:
SF:src/components/Price.tsx
FN:20,(anonymous_0)
FNF:1
FNH:1
FNDA:27,(anonymous_0)
DA:13,2
DA:20,2
DA:26,27
DA:28,27
DA:34,27
DA:42,2
LF:6
LH:6
BRDA:22,0,0,7
BRDA:23,1,0,27
BRF:2
BRH:2
end_of_record
TN:
SF:src/components/ProductCard.tsx
FN:30,(anonymous_0)
FN:48,(anonymous_1)
FNF:2
FNH:2
FNDA:16,(anonymous_0)
FNDA:16,(anonymous_1)
DA:30,1
DA:43,16
DA:44,16
DA:46,16
DA:48,16
DA:97,1
LF:6
LH:6
BRDA:33,0,0,15
BRDA:35,1,0,15
BRDA:36,2,0,13
BRDA:37,3,0,13
BRDA:41,4,0,15
BRDA:50,5,0,16
BRDA:50,5,1,0
BRDA:51,6,0,16
BRDA:51,6,1,0
BRDA:65,7,0,16
BRDA:65,7,1,15
BRDA:65,7,2,3
BRDA:81,8,0,16
BRDA:81,8,1,15
BRDA:81,8,2,5
BRF:15
BRH:13
end_of_record
TN:
SF:src/components/ProductGrid.tsx
FN:31,(anonymous_0)
FN:51,(anonymous_1)
FN:51,(anonymous_2)
FN:56,(anonymous_3)
FN:61,(anonymous_4)
FN:63,(anonymous_5)
FN:67,(anonymous_6)
FN:68,(anonymous_7)
FN:69,(anonymous_8)
FN:87,(anonymous_9)
FNF:10
FNH:0
FNDA:0,(anonymous_0)
FNDA:0,(anonymous_1)
FNDA:0,(anonymous_2)
FNDA:0,(anonymous_3)
FNDA:0,(anonymous_4)
FNDA:0,(anonymous_5)
FNDA:0,(anonymous_6)
FNDA:0,(anonymous_7)
FNDA:0,(anonymous_8)
FNDA:0,(anonymous_9)
DA:31,0
DA:47,0
DA:48,0
DA:50,0
DA:51,0
DA:55,0
DA:57,0
DA:58,0
DA:61,0
DA:63,0
DA:67,0
DA:68,0
DA:69,0
DA:87,0
DA:89,0
DA:90,0
DA:98,0
DA:118,0
LF:18
LH:0
BRDA:34,0,0,0
BRDA:40,1,0,0
BRDA:42,2,0,0
BRDA:43,3,0,0
BRDA:44,4,0,0
BRDA:48,5,0,0
BRDA:48,5,1,0
BRDA:66,6,0,0
BRDA:66,6,1,0
BRDA:67,7,0,0
BRDA:67,7,1,0
BRDA:68,8,0,0
BRDA:68,8,1,0
BRDA:69,9,0,0
BRDA:69,9,1,0
BRDA:70,10,0,0
BRDA:70,10,1,0
BRDA:89,11,0,0
BRDA:89,11,1,0
BRDA:106,12,0,0
BRDA:106,12,1,0
BRDA:110,13,0,0
BRDA:110,13,1,0
BRF:23
BRH:0
end_of_record
TN:
SF:src/components/SearchBar.tsx
FN:18,(anonymous_0)
FN:23,(anonymous_1)
FNF:2
FNH:0
FNDA:0,(anonymous_0)
FNDA:0,(anonymous_1)
DA:18,0
DA:23,0
DA:24,0
DA:27,0
DA:64,0
LF:5
LH:0
BRDA:21,0,0,0
BRDA:49,1,0,0
BRDA:49,1,1,0
BRF:3
BRH:0
end_of_record
TN:
SF:src/constants/api.ts
FNF:0
FNH:0
DA:1,6
DA:6,6
DA:8,6
DA:13,6
LF:4
LH:4
BRF:0
BRH:0
end_of_record
TN:
SF:src/constants/theme.ts
FNF:0
FNH:0
DA:1,6
DA:25,6
DA:34,6
DA:42,6
DA:52,6
DA:59,6
DA:64,6
DA:70,6
DA:87,6
LF:9
LH:9
BRF:0
BRH:0
end_of_record
TN:
SF:src/hooks/useHydrateStorage.ts
FN:37,(anonymous_0)
FN:46,(anonymous_1)
FNF:2
FNH:0
FNDA:0,(anonymous_0)
FNDA:0,(anonymous_1)
DA:37,0
DA:38,0
DA:40,0
DA:41,0
DA:43,0
DA:44,0
DA:46,0
DA:48,0
DA:49,0
DA:50,0
DA:53,0
LF:11
LH:0
BRDA:43,0,0,0
BRDA:43,0,1,0
BRF:2
BRH:0
end_of_record
TN:
SF:src/navigation/CartStackNavigator.tsx
FN:10,(anonymous_0)
FNF:1
FNH:0
FNDA:0,(anonymous_0)
DA:8,0
DA:10,0
DA:11,0
LF:3
LH:0
BRF:0
BRH:0
end_of_record
TN:
SF:src/navigation/FavoritesStackNavigator.tsx
FN:10,(anonymous_0)
FNF:1
FNH:0
FNDA:0,(anonymous_0)
DA:8,0
DA:10,0
DA:11,0
LF:3
LH:0
BRF:0
BRH:0
end_of_record
TN:
SF:src/navigation/ProductsStackNavigator.tsx
FN:10,(anonymous_0)
FNF:1
FNH:0
FNDA:0,(anonymous_0)
DA:8,0
DA:10,0
DA:11,0
LF:3
LH:0
BRF:0
BRH:0
end_of_record
TN:
SF:src/navigation/RootNavigator.tsx
FN:6,(anonymous_0)
FNF:1
FNH:0
FNDA:0,(anonymous_0)
DA:6,0
DA:7,0
LF:2
LH:0
BRF:0
BRH:0
end_of_record
TN:
SF:src/navigation/TabNavigator.tsx
FN:13,(anonymous_0)
FN:34,(anonymous_1)
FN:45,(anonymous_2)
FN:57,(anonymous_3)
FNF:4
FNH:0
FNDA:0,(anonymous_0)
FNDA:0,(anonymous_1)
FNDA:0,(anonymous_2)
FNDA:0,(anonymous_3)
DA:11,0
DA:13,0
DA:14,0
DA:15,0
DA:17,0
DA:35,0
DA:46,0
DA:58,0
LF:8
LH:0
BRDA:48,0,0,0
BRDA:48,0,1,0
BRDA:60,1,0,0
BRDA:60,1,1,0
BRF:4
BRH:0
end_of_record
TN:
SF:src/navigation/linking.ts
FNF:0
FNH:0
DA:6,0
DA:8,0
LF:2
LH:0
BRF:0
BRH:0
end_of_record
TN:
SF:src/screens/CartScreen.tsx
FN:27,(anonymous_0)
FN:34,(anonymous_1)
FN:36,(anonymous_2)
FN:37,(anonymous_3)
FN:40,(anonymous_4)
FN:43,(anonymous_5)
FN:45,(anonymous_6)
FN:50,(anonymous_7)
FN:51,(anonymous_8)
FN:55,(anonymous_9)
FN:62,(anonymous_10)
FN:69,(anonymous_11)
FN:76,(anonymous_12)
FN:82,(anonymous_13)
FN:101,(anonymous_14)
FN:102,(anonymous_15)
FN:106,(anonymous_16)
FN:107,(anonymous_17)
FN:108,(anonymous_18)
FN:109,(anonymous_19)
FN:135,(anonymous_20)
FNF:21
FNH:0
FNDA:0,(anonymous_0)
FNDA:0,(anonymous_1)
FNDA:0,(anonymous_2)
FNDA:0,(anonymous_3)
FNDA:0,(anonymous_4)
FNDA:0,(anonymous_5)
FNDA:0,(anonymous_6)
FNDA:0,(anonymous_7)
FNDA:0,(anonymous_8)
FNDA:0,(anonymous_9)
FNDA:0,(anonymous_10)
FNDA:0,(anonymous_11)
FNDA:0,(anonymous_12)
FNDA:0,(anonymous_13)
FNDA:0,(anonymous_14)
FNDA:0,(anonymous_15)
FNDA:0,(anonymous_16)
FNDA:0,(anonymous_17)
FNDA:0,(anonymous_18)
FNDA:0,(anonymous_19)
FNDA:0,(anonymous_20)
DA:27,0
DA:28,0
DA:29,0
DA:31,0
DA:32,0
DA:34,0
DA:35,0
DA:37,0
DA:38,0
DA:40,0
DA:43,0
DA:44,0
DA:45,0
DA:50,0
DA:51,0
DA:54,0
DA:56,0
DA:61,0
DA:63,0
DA:68,0
DA:70,0
DA:75,0
DA:77,0
DA:82,0
DA:83,0
DA:86,0
DA:87,0
DA:97,0
DA:101,0
DA:103,0
DA:106,0
DA:107,0
DA:108,0
DA:109,0
DA:135,0
DA:146,0
LF:36
LH:0
BRDA:38,0,0,0
BRDA:38,0,1,0
BRDA:86,1,0,0
BRDA:86,1,1,0
BRDA:135,2,0,0
BRDA:135,2,1,0
BRF:6
BRH:0
end_of_record
TN:
SF:src/screens/DetailsScreen.tsx
FN:39,(anonymous_0)
FN:48,(anonymous_1)
FN:50,(anonymous_2)
FN:55,(anonymous_3)
FN:59,(anonymous_4)
FN:63,(anonymous_5)
FN:67,(anonymous_6)
FNF:7
FNH:0
FNDA:0,(anonymous_0)
FNDA:0,(anonymous_1)
FNDA:0,(anonymous_2)
FNDA:0,(anonymous_3)
FNDA:0,(anonymous_4)
FNDA:0,(anonymous_5)
FNDA:0,(anonymous_6)
DA:39,0
DA:40,0
DA:41,0
DA:42,0
DA:43,0
DA:45,0
DA:46,0
DA:47,0
DA:48,0
DA:50,0
DA:51,0
DA:52,0
DA:53,0
DA:55,0
DA:56,0
DA:59,0
DA:60,0
DA:63,0
DA:64,0
DA:67,0
DA:68,0
DA:71,0
DA:72,0
DA:75,0
DA:124,0
LF:25
LH:0
BRDA:53,0,0,0
BRDA:53,0,1,0
BRDA:71,1,0,0
BRDA:71,1,1,0
BRDA:80,2,0,0
BRDA:80,2,1,0
BRDA:84,3,0,0
BRDA:84,3,1,0
BRDA:101,4,0,0
BRDA:101,4,1,0
BRF:10
BRH:0
end_of_record
TN:
SF:src/screens/FavoritesScreen.tsx
FN:18,(anonymous_0)
FN:26,(anonymous_1)
FN:26,(anonymous_2)
FN:31,(anonymous_3)
FN:38,(anonymous_4)
FNF:5
FNH:0
FNDA:0,(anonymous_0)
FNDA:0,(anonymous_1)
FNDA:0,(anonymous_2)
FNDA:0,(anonymous_3)
FNDA:0,(anonymous_4)
DA:18,0
DA:19,0
DA:20,0
DA:22,0
DA:23,0
DA:25,0
DA:26,0
DA:30,0
DA:32,0
DA:37,0
DA:39,0
DA:44,0
DA:45,0
DA:55,0
DA:68,0
LF:15
LH:0
BRDA:44,0,0,0
BRDA:44,0,1,0
BRF:2
BRH:0
end_of_record
TN:
SF:src/screens/ListScreen.tsx
FN:31,(anonymous_0)
FN:44,(anonymous_1)
FN:50,(anonymous_2)
FN:57,(anonymous_3)
FN:64,(anonymous_4)
FN:71,(anonymous_5)
FN:78,(anonymous_6)
FN:85,(anonymous_7)
FN:91,(anonymous_8)
FNF:9
FNH:0
FNDA:0,(anonymous_0)
FNDA:0,(anonymous_1)
FNDA:0,(anonymous_2)
FNDA:0,(anonymous_3)
FNDA:0,(anonymous_4)
FNDA:0,(anonymous_5)
FNDA:0,(anonymous_6)
FNDA:0,(anonymous_7)
FNDA:0,(anonymous_8)
DA:31,0
DA:32,0
DA:33,0
DA:35,0
DA:36,0
DA:37,0
DA:38,0
DA:39,0
DA:41,0
DA:42,0
DA:44,0
DA:45,0
DA:46,0
DA:50,0
DA:51,0
DA:52,0
DA:53,0
DA:56,0
DA:58,0
DA:63,0
DA:65,0
DA:70,0
DA:72,0
DA:77,0
DA:79,0
DA:84,0
DA:86,0
DA:91,0
DA:92,0
DA:95,0
DA:97,0
DA:98,0
DA:101,0
DA:102,0
DA:105,0
DA:135,0
LF:36
LH:0
BRDA:45,0,0,0
BRDA:45,0,1,0
BRDA:97,1,0,0
BRDA:97,1,1,0
BRDA:97,2,0,0
BRDA:97,2,1,0
BRDA:101,3,0,0
BRDA:101,3,1,0
BRDA:101,4,0,0
BRDA:101,4,1,0
BRDA:119,5,0,0
BRDA:119,5,1,0
BRF:12
BRH:0
end_of_record
TN:
SF:src/services/api.ts
FN:6,(anonymous_0)
FN:8,(anonymous_1)
FN:12,(anonymous_2)
FN:15,(anonymous_3)
FN:17,(anonymous_4)
FN:20,(anonymous_5)
FN:29,(anonymous_6)
FNF:7
FNH:0
FNDA:0,(anonymous_0)
FNDA:0,(anonymous_1)
FNDA:0,(anonymous_2)
FNDA:0,(anonymous_3)
FNDA:0,(anonymous_4)
FNDA:0,(anonymous_5)
FNDA:0,(anonymous_6)
DA:4,0
DA:6,0
DA:8,0
DA:9,0
DA:12,0
DA:15,0
DA:16,0
DA:17,0
DA:20,0
DA:24,0
DA:25,0
DA:28,0
DA:29,0
DA:30,0
LF:14
LH:0
BRDA:24,0,0,0
BRDA:24,0,1,0
BRF:2
BRH:0
end_of_record
TN:
SF:src/services/storage.ts
FN:4,(anonymous_0)
FN:14,(anonymous_1)
FN:25,(anonymous_2)
FN:33,(anonymous_3)
FN:37,(anonymous_4)
FN:41,(anonymous_5)
FNF:6
FNH:0
FNDA:0,(anonymous_0)
FNDA:0,(anonymous_1)
FNDA:0,(anonymous_2)
FNDA:0,(anonymous_3)
FNDA:0,(anonymous_4)
FNDA:0,(anonymous_5)
DA:4,0
DA:5,0
DA:6,0
DA:7,0
DA:9,0
DA:10,0
DA:14,0
DA:15,0
DA:16,0
DA:21,0
DA:25,0
DA:26,0
DA:27,0
DA:28,0
DA:29,0
DA:33,0
DA:36,0
DA:37,0
DA:38,0
DA:41,0
DA:42,0
DA:43,0
DA:45,0
LF:23
LH:0
BRDA:7,0,0,0
BRDA:7,0,1,0
BRDA:27,1,0,0
BRDA:27,1,1,0
BRF:4
BRH:0
end_of_record
TN:
SF:src/store/hooks.ts
FNF:0
FNH:0
DA:4,0
DA:5,0
DA:6,0
LF:3
LH:0
BRF:0
BRH:0
end_of_record
TN:
SF:src/store/slices/cartSlice.ts
FN:20,(anonymous_0)
FN:39,(anonymous_1)
FN:54,(anonymous_2)
FN:56,(anonymous_3)
FN:65,(anonymous_4)
FN:67,(anonymous_5)
FN:70,(anonymous_6)
FN:75,(anonymous_7)
FN:79,(anonymous_8)
FN:86,(anonymous_9)
FN:88,(anonymous_10)
FN:94,(anonymous_11)
FN:96,(anonymous_12)
FN:99,(anonymous_13)
FN:106,(anonymous_14)
FN:110,(anonymous_15)
FN:112,(anonymous_16)
FN:116,(anonymous_17)
FN:131,(anonymous_18)
FN:133,(anonymous_19)
FN:134,(anonymous_20)
FN:136,(anonymous_21)
FN:137,(anonymous_22)
FN:139,(anonymous_23)
FN:140,(anonymous_24)
FN:142,(anonymous_25)
FNF:26
FNH:26
FNDA:3,(anonymous_0)
FNDA:1,(anonymous_1)
FNDA:3,(anonymous_2)
FNDA:2,(anonymous_3)
FNDA:2,(anonymous_4)
FNDA:3,(anonymous_5)
FNDA:3,(anonymous_6)
FNDA:3,(anonymous_7)
FNDA:2,(anonymous_8)
FNDA:2,(anonymous_9)
FNDA:2,(anonymous_10)
FNDA:2,(anonymous_11)
FNDA:2,(anonymous_12)
FNDA:1,(anonymous_13)
FNDA:1,(anonymous_14)
FNDA:1,(anonymous_15)
FNDA:2,(anonymous_16)
FNDA:1,(anonymous_17)
FNDA:2,(anonymous_18)
FNDA:2,(anonymous_19)
FNDA:2,(anonymous_20)
FNDA:2,(anonymous_21)
FNDA:1,(anonymous_22)
FNDA:2,(anonymous_23)
FNDA:1,(anonymous_24)
FNDA:2,(anonymous_25)
DA:11,1
DA:16,1
DA:21,3
DA:22,3
DA:23,2
DA:24,1
DA:26,1
DA:28,1
DA:29,1
DA:35,1
DA:40,1
DA:41,1
DA:43,0
DA:44,0
DA:50,1
DA:55,3
DA:56,3
DA:58,3
DA:59,1
DA:61,2
DA:66,2
DA:67,3
DA:74,3
DA:75,3
DA:77,3
DA:78,3
DA:79,2
DA:81,1
DA:87,2
DA:88,2
DA:89,2
DA:90,1
DA:95,2
DA:96,2
DA:97,2
DA:98,2
DA:99,1
DA:101,1
DA:107,1
DA:111,1
DA:113,2
DA:114,2
DA:117,1
DA:129,1
DA:131,2
DA:133,1
DA:134,2
DA:136,1
DA:137,2
DA:139,1
DA:140,2
DA:142,2
LF:52
LH:50
BRDA:23,0,0,1
BRDA:23,0,1,1
BRDA:30,1,0,1
BRDA:30,1,1,0
BRDA:45,2,0,0
BRDA:45,2,1,0
BRDA:58,3,0,1
BRDA:58,3,1,2
BRDA:77,4,0,3
BRDA:77,4,1,0
BRDA:78,5,0,2
BRDA:78,5,1,1
BRDA:89,6,0,1
BRDA:89,6,1,1
BRDA:97,7,0,2
BRDA:97,7,1,0
BRDA:98,8,0,1
BRDA:98,8,1,1
BRF:18
BRH:13
end_of_record
TN:
SF:src/store/slices/favoritesSlice.ts
FN:19,(anonymous_0)
FN:38,(anonymous_1)
FN:56,(anonymous_2)
FN:67,(anonymous_3)
FN:74,(anonymous_4)
FN:82,(anonymous_5)
FN:86,(anonymous_6)
FN:90,(anonymous_7)
FN:95,(anonymous_8)
FN:104,(anonymous_9)
FN:107,(anonymous_10)
FN:112,(anonymous_11)
FN:115,(anonymous_12)
FNF:13
FNH:12
FNDA:3,(anonymous_0)
FNDA:0,(anonymous_1)
FNDA:5,(anonymous_2)
FNDA:2,(anonymous_3)
FNDA:2,(anonymous_4)
FNDA:1,(anonymous_5)
FNDA:1,(anonymous_6)
FNDA:2,(anonymous_7)
FNDA:1,(anonymous_8)
FNDA:1,(anonymous_9)
FNDA:2,(anonymous_10)
FNDA:2,(anonymous_11)
FNDA:2,(anonymous_12)
DA:10,1
DA:15,1
DA:20,3
DA:21,3
DA:22,2
DA:23,1
DA:25,1
DA:27,1
DA:28,1
DA:34,1
DA:39,0
DA:40,0
DA:45,0
DA:46,0
DA:52,1
DA:57,5
DA:58,5
DA:60,5
DA:61,3
DA:63,2
DA:68,2
DA:69,2
DA:70,1
DA:75,2
DA:76,2
DA:77,2
DA:78,1
DA:83,1
DA:87,1
DA:91,2
DA:92,2
DA:96,1
DA:102,1
DA:104,1
DA:105,1
DA:107,1
DA:110,2
DA:112,1
DA:113,2
DA:115,1
DA:116,2
LF:41
LH:37
BRDA:22,0,0,1
BRDA:22,0,1,1
BRDA:29,1,0,1
BRDA:29,1,1,0
BRDA:47,2,0,0
BRDA:47,2,1,0
BRDA:60,3,0,3
BRDA:60,3,1,2
BRDA:69,4,0,1
BRDA:69,4,1,1
BRDA:77,5,0,1
BRDA:77,5,1,1
BRF:12
BRH:9
end_of_record
TN:
SF:src/store/slices/productsSlice.ts
FN:21,(anonymous_0)
FN:24,(anonymous_1)
FN:37,(anonymous_2)
FN:41,(anonymous_3)
FN:43,(anonymous_4)
FN:49,(anonymous_5)
FN:55,(anonymous_6)
FN:64,(anonymous_7)
FN:67,(anonymous_8)
FN:70,(anonymous_9)
FN:73,(anonymous_10)
FN:76,(anonymous_11)
FNF:12
FNH:11
FNDA:3,(anonymous_0)
FNDA:3,(anonymous_1)
FNDA:2,(anonymous_2)
FNDA:1,(anonymous_3)
FNDA:3,(anonymous_4)
FNDA:1,(anonymous_5)
FNDA:0,(anonymous_6)
FNDA:2,(anonymous_7)
FNDA:2,(anonymous_8)
FNDA:2,(anonymous_9)
FNDA:2,(anonymous_10)
FNDA:3,(anonymous_11)
DA:11,1
DA:17,1
DA:22,3
DA:24,3
DA:25,1
DA:27,0
DA:33,1
DA:38,2
DA:42,1
DA:44,3
DA:45,3
DA:50,1
DA:51,1
DA:52,1
DA:56,0
DA:57,0
DA:62,1
DA:64,1
DA:65,2
DA:67,1
DA:68,2
DA:70,1
DA:71,2
DA:73,1
DA:76,3
LF:25
LH:22
BRDA:28,0,0,0
BRDA:28,0,1,0
BRDA:57,1,0,0
BRDA:57,1,1,0
BRF:4
BRH:0
end_of_record
